[    0.000000] Initializing cgroup subsys cpuset
[    0.000000] Initializing cgroup subsys cpu
[    0.000000] Initializing cgroup subsys cpuacct
[    0.000000] Linux version 4.4.0-201-generic (buildd@lgw01-amd64-044) (gcc version 5.4.0 20160609 (Ubuntu 5.4.0-6ubuntu1~16.04.12) ) #233-Ubuntu SMP Thu Jan 14 06:10:28 UTC 2021 (Ubuntu 4.4.0-201.233-generic 4.4.247)
[    0.000000] Command line: BOOT_IMAGE=/boot/vmlinuz-4.4.0-201-generic root=LABEL=cloudimg-rootfs ro console=tty1 console=ttyS0
[    0.000000] KERNEL supported cpus:
[    0.000000]   Intel GenuineIntel
[    0.000000]   AMD AuthenticAMD
[    0.000000]   Centaur CentaurHauls
[    0.000000] x86/fpu: Legacy x87 FPU detected.
[    0.000000] e820: BIOS-provided physical RAM map:
[    0.000000] BIOS-e820: [mem 0x0000000000000000-0x000000000009fbff] usable
[    0.000000] BIOS-e820: [mem 0x000000000009fc00-0x000000000009ffff] reserved
[    0.000000] BIOS-e820: [mem 0x00000000000f0000-0x00000000000fffff] reserved
[    0.000000] BIOS-e820: [mem 0x0000000000100000-0x000000007ffeffff] usable
[    0.000000] BIOS-e820: [mem 0x000000007fff0000-0x000000007fffffff] ACPI data
[    0.000000] BIOS-e820: [mem 0x00000000fec00000-0x00000000fec00fff] reserved
[    0.000000] BIOS-e820: [mem 0x00000000fee00000-0x00000000fee00fff] reserved
[    0.000000] BIOS-e820: [mem 0x00000000fffc0000-0x00000000ffffffff] reserved
[    0.000000] NX (Execute Disable) protection: active
[    0.000000] SMBIOS 2.5 present.
[    0.000000] Hypervisor detected: KVM
[    0.000000] e820: last_pfn = 0x7fff0 max_arch_pfn = 0x400000000
[    0.000000] MTRR: Disabled
[    0.000000] x86/PAT: MTRRs disabled, skipping PAT initialization too.
[    0.000000] CPU MTRRs all blank - virtualized system.
[    0.000000] x86/PAT: Configuration [0-7]: WB  WT  UC- UC  WB  WT  UC- UC  
[    0.000000] found SMP MP-table at [mem 0x0009fff0-0x0009ffff] mapped at [ffff88000009fff0]
[    0.000000] Scanning 1 areas for low memory corruption
[    0.000000] RAMDISK: [mem 0x362e0000-0x37167fff]
[    0.000000] ACPI: Early table checksum verification disabled
[    0.000000] ACPI: RSDP 0x00000000000E0000 000024 (v02 VBOX  )
[    0.000000] ACPI: XSDT 0x000000007FFF0030 00003C (v01 VBOX   VBOXXSDT 00000001 ASL  00000061)
[    0.000000] ACPI: FACP 0x000000007FFF00F0 0000F4 (v04 VBOX   VBOXFACP 00000001 ASL  00000061)
[    0.000000] ACPI: DSDT 0x000000007FFF0470 002325 (v02 VBOX   VBOXBIOS 00000002 INTL 20100528)
[    0.000000] ACPI: FACS 0x000000007FFF0200 000040
[    0.000000] ACPI: FACS 0x000000007FFF0200 000040
[    0.000000] ACPI: APIC 0x000000007FFF0240 00005C (v02 VBOX   VBOXAPIC 00000001 ASL  00000061)
[    0.000000] ACPI: SSDT 0x000000007FFF02A0 0001CC (v01 VBOX   VBOXCPUT 00000002 INTL 20100528)
[    0.000000] No NUMA configuration found
[    0.000000] Faking a node at [mem 0x0000000000000000-0x000000007ffeffff]
[    0.000000] NODE_DATA(0) allocated [mem 0x7ffeb000-0x7ffeffff]
[    0.000000] kvm-clock: Using msrs 4b564d01 and 4b564d00
[    0.000000] kvm-clock: cpu 0, msr 0:7ffe3001, primary cpu clock
[    0.000000] kvm-clock: using sched offset of 6500987618 cycles
[    0.000000] clocksource: kvm-clock: mask: 0xffffffffffffffff max_cycles: 0x1cd42e4dffb, max_idle_ns: 881590591483 ns
[    0.000000] Zone ranges:
[    0.000000]   DMA      [mem 0x0000000000001000-0x0000000000ffffff]
[    0.000000]   DMA32    [mem 0x0000000001000000-0x000000007ffeffff]
[    0.000000]   Normal   empty
[    0.000000]   Device   empty
[    0.000000] Movable zone start for each node
[    0.000000] Early memory node ranges
[    0.000000]   node   0: [mem 0x0000000000001000-0x000000000009efff]
[    0.000000]   node   0: [mem 0x0000000000100000-0x000000007ffeffff]
[    0.000000] Initmem setup node 0 [mem 0x0000000000001000-0x000000007ffeffff]
[    0.000000] ACPI: PM-Timer IO Port: 0x4008
[    0.000000] IOAPIC[0]: apic_id 2, version 32, address 0xfec00000, GSI 0-23
[    0.000000] ACPI: INT_SRC_OVR (bus 0 bus_irq 0 global_irq 2 dfl dfl)
[    0.000000] ACPI: INT_SRC_OVR (bus 0 bus_irq 9 global_irq 9 low level)
[    0.000000] Using ACPI (MADT) for SMP configuration information
[    0.000000] smpboot: Allowing 2 CPUs, 0 hotplug CPUs
[    0.000000] PM: Registered nosave memory: [mem 0x00000000-0x00000fff]
[    0.000000] PM: Registered nosave memory: [mem 0x0009f000-0x0009ffff]
[    0.000000] PM: Registered nosave memory: [mem 0x000a0000-0x000effff]
[    0.000000] PM: Registered nosave memory: [mem 0x000f0000-0x000fffff]
[    0.000000] e820: [mem 0x80000000-0xfebfffff] available for PCI devices
[    0.000000] Booting paravirtualized kernel on KVM
[    0.000000] clocksource: refined-jiffies: mask: 0xffffffff max_cycles: 0xffffffff, max_idle_ns: 7645519600211568 ns
[    0.000000] setup_percpu: NR_CPUS:512 nr_cpumask_bits:512 nr_cpu_ids:2 nr_node_ids:1
[    0.000000] PERCPU: Embedded 33 pages/cpu @ffff88007fc00000 s95640 r8192 d31336 u1048576
[    0.000000] Built 1 zonelists in Node order, mobility grouping on.  Total pages: 515960
[    0.000000] Policy zone: DMA32
[    0.000000] Kernel command line: BOOT_IMAGE=/boot/vmlinuz-4.4.0-201-generic root=LABEL=cloudimg-rootfs ro console=tty1 console=ttyS0
[    0.000000] PID hash table entries: 4096 (order: 3, 32768 bytes)
[    0.000000] Memory: 2029856K/2096696K available (8641K kernel code, 1337K rwdata, 4044K rodata, 1492K init, 1296K bss, 66840K reserved, 0K cma-reserved)
[    0.000000] SLUB: HWalign=64, Order=0-3, MinObjects=0, CPUs=2, Nodes=1
[    0.000000] Kernel/User page tables isolation: enabled
[    0.000000] Hierarchical RCU implementation.
[    0.000000] 	Build-time adjustment of leaf fanout to 64.
[    0.000000] 	RCU restricting CPUs from NR_CPUS=512 to nr_cpu_ids=2.
[    0.000000] RCU: Adjusting geometry for rcu_fanout_leaf=64, nr_cpu_ids=2
[    0.000000] NR_IRQS:33024 nr_irqs:440 16
[    0.000000] Console: colour VGA+ 80x25
[    0.000000] console [tty1] enabled
[    0.000000] console [ttyS0] enabled
[    0.000000] tsc: Detected 1799.999 MHz processor
[    1.990668] Calibrating delay loop (skipped) preset value.. 3599.99 BogoMIPS (lpj=7199996)
[    2.011534] pid_max: default: 32768 minimum: 301
[    2.019724] ACPI: Core revision 20150930
[    2.035801] ACPI: 2 ACPI AML tables successfully acquired and loaded
[    2.061271] Security Framework initialized
[    2.070992] Yama: becoming mindful.
[    2.079399] AppArmor: AppArmor initialized
[    2.087936] Dentry cache hash table entries: 262144 (order: 9, 2097152 bytes)
[    2.136191] Inode-cache hash table entries: 131072 (order: 8, 1048576 bytes)
[    2.154591] Mount-cache hash table entries: 4096 (order: 3, 32768 bytes)
[    2.165188] Mountpoint-cache hash table entries: 4096 (order: 3, 32768 bytes)
[    2.175887] Initializing cgroup subsys io
[    2.181341] Initializing cgroup subsys memory
[    2.187653] Initializing cgroup subsys devices
[    2.193550] Initializing cgroup subsys freezer
[    2.199456] Initializing cgroup subsys net_cls
[    2.205000] Initializing cgroup subsys perf_event
[    2.211068] Initializing cgroup subsys net_prio
[    2.221083] Initializing cgroup subsys hugetlb
[    2.233494] Initializing cgroup subsys pids
[    2.246775] mce: CPU supports 0 MCE banks
[    2.258588] Last level iTLB entries: 4KB 64, 2MB 8, 4MB 8
[    2.273424] Last level dTLB entries: 4KB 64, 2MB 0, 4MB 0, 1GB 4
[    2.289864] Spectre V1 : Mitigation: usercopy/swapgs barriers and __user pointer sanitization
[    2.312321] Spectre V2 : Mitigation: Full generic retpoline
[    2.325297] Spectre V2 : Spectre v2 / SpectreRSB mitigation: Filling RSB on context switch
[    2.348033] Speculative Store Bypass: Vulnerable
[    2.358680] MDS: Mitigation: Clear CPU buffers
[    2.431183] Freeing SMP alternatives memory: 36K
[    2.575165] ftrace: allocating 32361 entries in 127 pages
[    4.086917] smpboot: APIC(0) Converting physical 0 to logical package 0
[    4.100090] smpboot: Max logical packages: 1
[    4.145037] ..TIMER: vector=0x30 apic1=0 pin1=2 apic2=-1 pin2=-1
[    4.268792] smpboot: CPU0: Intel(R) Core(TM) i5-8250U CPU @ 1.60GHz (family: 0x6, model: 0x8e, stepping: 0xa)
[    4.302222] Performance Events: unsupported p6 CPU model 142 no PMU driver, software events only.
[    4.481444] KVM setup paravirtual spinlock
[    4.494319] x86: Booting SMP configuration:
[    4.500928] .... node  #0, CPUs:      #1
[    4.507498] kvm-clock: cpu 1, msr 0:7ffe3041, secondary cpu clock
[    4.513248] mce: CPU supports 0 MCE banks
[    4.517559] TSC synchronization [CPU#0 -> CPU#1]:
[    4.522976] Measured 134111 cycles TSC warp between CPUs, turning off TSC clock.
[    4.533927] tsc: Marking TSC unstable due to check_tsc_sync_source failed
[    0.808212] x86: Booted up 1 node, 2 CPUs
[    0.812015] smpboot: Total of 2 processors activated (7199.99 BogoMIPS)
[    0.828947] devtmpfs: initialized
[    0.838653] evm: security.selinux
[    0.840006] evm: security.SMACK64
[    0.848008] evm: security.SMACK64EXEC
[    0.852006] evm: security.SMACK64TRANSMUTE
[    0.856006] evm: security.SMACK64MMAP
[    0.860005] evm: security.ima
[    0.864002] evm: security.capability
[    0.868543] clocksource: jiffies: mask: 0xffffffff max_cycles: 0xffffffff, max_idle_ns: 7645041785100000 ns
[    0.912041] futex hash table entries: 512 (order: 3, 32768 bytes)
[    0.940387] pinctrl core: initialized pinctrl subsystem
[    0.952743] RTC time:  8:19:11, date: 04/28/21
[    0.966596] NET: Registered protocol family 16
[    0.984013] cpuidle: using governor ladder
[    1.000028] cpuidle: using governor menu
[    1.008018] PCCT header not found.
[    1.020185] ACPI: bus type PCI registered
[    1.032010] acpiphp: ACPI Hot Plug PCI Controller Driver version: 0.5
[    1.045179] PCI: Using configuration type 1 for base access
[    1.084809] ACPI: Added _OSI(Module Device)
[    1.100010] ACPI: Added _OSI(Processor Device)
[    1.116010] ACPI: Added _OSI(3.0 _SCP Extensions)
[    1.132012] ACPI: Added _OSI(Processor Aggregator Device)
[    1.146442] ACPI: Executed 1 blocks of module-level executable AML code
[    1.163520] ACPI: Interpreter enabled
[    1.164030] ACPI: (supports S0 S5)
[    1.168006] ACPI: Using IOAPIC for interrupt routing
[    1.172721] PCI: Using host bridge windows from ACPI; if necessary, use "pci=nocrs" and report a bug
[    1.200421] ACPI: PCI Root Bridge [PCI0] (domain 0000 [bus 00-ff])
[    1.228020] acpi PNP0A03:00: _OSC: OS supports [ASPM ClockPM Segments MSI]
[    1.252528] acpi PNP0A03:00: _OSC: not requesting OS control; OS requires [ExtendedConfig ASPM ClockPM MSI]
[    1.276026] acpi PNP0A03:00: fail to add MMCONFIG information, can't access extended PCI configuration space under this bridge.
[    1.300180] PCI host bridge to bus 0000:00
[    1.308090] pci_bus 0000:00: root bus resource [io  0x0000-0x0cf7 window]
[    1.328020] pci_bus 0000:00: root bus resource [io  0x0d00-0xffff window]
[    1.344012] pci_bus 0000:00: root bus resource [mem 0x000a0000-0x000bffff window]
[    1.356015] pci_bus 0000:00: root bus resource [mem 0x80000000-0xfdffffff window]
[    1.372016] pci_bus 0000:00: root bus resource [bus 00-ff]
[    1.401768] pci 0000:00:01.1: legacy IDE quirk: reg 0x10: [io  0x01f0-0x01f7]
[    1.420017] pci 0000:00:01.1: legacy IDE quirk: reg 0x14: [io  0x03f6]
[    1.440018] pci 0000:00:01.1: legacy IDE quirk: reg 0x18: [io  0x0170-0x0177]
[    1.452008] pci 0000:00:01.1: legacy IDE quirk: reg 0x1c: [io  0x0376]
[    1.560016] pci 0000:00:07.0: quirk: [io  0x4000-0x403f] claimed by PIIX4 ACPI
[    1.600095] pci 0000:00:07.0: quirk: [io  0x4100-0x410f] claimed by PIIX4 SMB
[    1.689296] ACPI: PCI Interrupt Link [LNKA] (IRQs 5 9 10 *11)
[    1.877106] ACPI: PCI Interrupt Link [LNKB] (IRQs 5 9 *10 11)
[    1.948306] ACPI: PCI Interrupt Link [LNKC] (IRQs 5 *9 10 11)
[    2.016319] ACPI: PCI Interrupt Link [LNKD] (IRQs 5 9 10 *11)
[    2.081113] ACPI: Enabled 2 GPEs in block 00 to 07
[    2.132130] vgaarb: setting as boot device: PCI:0000:00:02.0
[    2.136000] vgaarb: device added: PCI:0000:00:02.0,decodes=io+mem,owns=io+mem,locks=none
[    2.212011] vgaarb: loaded
[    2.228007] vgaarb: bridge control possible 0000:00:02.0
[    2.272425] SCSI subsystem initialized
[    2.304335] ACPI: bus type USB registered
[    2.332172] usbcore: registered new interface driver usbfs
[    2.352027] usbcore: registered new interface driver hub
[    2.384494] usbcore: registered new device driver usb
[    2.432900] PCI: Using ACPI for IRQ routing
[    2.441398] NetLabel: Initializing
[    2.444006] NetLabel:  domain hash size = 128
[    2.448005] NetLabel:  protocols = UNLABELED CIPSOv4
[    2.452049] NetLabel:  unlabeled traffic allowed by default
[    2.456173] amd_nb: Cannot enumerate AMD northbridges
[    2.460236] clocksource: Switched to clocksource kvm-clock
[    2.566712] AppArmor: AppArmor Filesystem Enabled
[    2.568242] pnp: PnP ACPI init
[    2.596382] pnp: PnP ACPI: found 3 devices
[    2.723736] clocksource: acpi_pm: mask: 0xffffff max_cycles: 0xffffff, max_idle_ns: 2085701024 ns
[    2.742990] NET: Registered protocol family 2
[    2.757818] TCP established hash table entries: 16384 (order: 5, 131072 bytes)
[    2.773557] TCP bind hash table entries: 16384 (order: 6, 262144 bytes)
[    2.785578] TCP: Hash tables configured (established 16384 bind 16384)
[    2.797008] UDP hash table entries: 1024 (order: 3, 32768 bytes)
[    2.807050] UDP-Lite hash table entries: 1024 (order: 3, 32768 bytes)
[    2.823771] NET: Registered protocol family 1
[    2.836696] pci 0000:00:00.0: Limiting direct PCI/PCI transfers
[    2.851067] pci 0000:00:01.0: Activating ISA DMA hang workarounds
[    2.868936] Unpacking initramfs...
[    4.249253] Freeing initrd memory: 14880K
[    4.259498] clocksource: tsc: mask: 0xffffffffffffffff max_cycles: 0x19f228ab7a2, max_idle_ns: 440795289252 ns
[    4.281991] platform rtc_cmos: registered platform RTC device (no PNP device found)
[    4.298619] Scanning for low memory corruption every 60 seconds
[    4.318192] audit: initializing netlink subsys (disabled)
[    4.337952] audit: type=2000 audit(1619597960.446:1): initialized
[    4.361254] Initialise system trusted keyring
[    4.381152] HugeTLB registered 2 MB page size, pre-allocated 0 pages
[    4.408803] zbud: loaded
[    4.418436] VFS: Disk quotas dquot_6.6.0
[    4.421132] VFS: Dquot-cache hash table entries: 512 (order 0, 4096 bytes)
[    4.421132] squashfs: version 4.0 (2009/01/31) Phillip Lougher
[    4.467878] fuse init (API version 7.23)
[    4.476793] Key type big_key registered
[    4.481286] Allocating IMA MOK and blacklist keyrings.
[    4.529713] Key type asymmetric registered
[    4.536588] Asymmetric key parser 'x509' registered
[    4.545178] Block layer SCSI generic (bsg) driver version 0.4 loaded (major 249)
[    4.560502] io scheduler noop registered
[    4.567513] io scheduler deadline registered (default)
[    4.579858] io scheduler cfq registered
[    4.587004] pci_hotplug: PCI Hot Plug PCI Core version: 0.5
[    4.596203] pciehp: PCI Express Hot Plug Controller Driver version: 0.4
[    4.612142] ACPI: AC Adapter [AC] (off-line)
[    4.619158] input: Power Button as /devices/LNXSYSTM:00/LNXPWRBN:00/input/input0
[    4.630269] ACPI: Power Button [PWRF]
[    4.637404] input: Sleep Button as /devices/LNXSYSTM:00/LNXSLPBN:00/input/input1
[    4.650921] ACPI: Sleep Button [SLPF]
[    4.663183] GHES: HEST is not enabled!
[    4.668008] ACPI: Battery Slot [BAT0] (battery present)
[    4.681696] Serial: 8250/16550 driver, 32 ports, IRQ sharing enabled
[    4.72942] 00:02: ttyS0 at I/O 0x3f8 (irq = 4, base_baud = 115200) is a 16550A
[    4.771173] Linux agpgart interface v0.103
[    4.817291] loop: module loaded
[    4.838922] scsi host0: ata_piix
[    4.854424] scsi host1: ata_piix
[    4.864523] ata1: PATA max UDMA/33 cmd 0x1f0 ctl 0x3f6 bmdma 0xd000 irq 14
[    4.878682] ata2: PATA max UDMA/33 cmd 0x170 ctl 0x376 bmdma 0xd008 irq 15
[    4.893412] libphy: Fixed MDIO Bus: probed
[    4.905502] tun: Universal TUN/TAP device driver, 1.6
[    4.918605] tun: (C) 1999-2004 Max Krasnyansky <maxk@qualcomm.com>
[    4.933244] PPP generic driver version 2.4.2
[    4.940077] ehci_hcd: USB 2.0 'Enhanced' Host Controller (EHCI) Driver
[    4.949728] ehci-pci: EHCI PCI platform driver
[    4.954450] ehci-platform: EHCI generic platform driver
[    4.960793] ohci_hcd: USB 1.1 'Open' Host Controller (OHCI) Driver
[    4.967029] ohci-pci: OHCI PCI platform driver
[    4.973234] ohci-platform: OHCI generic platform driver
[    4.978639] uhci_hcd: USB Universal Host Controller Interface driver
[    4.985813] i8042: PNP: PS/2 Controller [PNP0303:PS2K,PNP0f03:PS2M] at 0x60,0x64 irq 1,12
[    4.997696] serio: i8042 KBD port at 0x60,0x64 irq 1
[    5.003395] serio: i8042 AUX port at 0x60,0x64 irq 12
[    5.009998] mousedev: PS/2 mouse device common for all mice
[    5.018187] input: AT Translated Set 2 keyboard as /devices/platform/i8042/serio0/input/input2
[    5.031631] rtc_cmos rtc_cmos: rtc core: registered rtc_cmos as rtc0
[    5.095419] rtc_cmos rtc_cmos: alarms up to one day, 114 bytes nvram
[    5.111116] i2c /dev entries driver
[    5.118332] device-mapper: uevent: version 1.0.3
[    5.126084] device-mapper: ioctl: 4.34.0-ioctl (2015-10-28) initialised: dm-devel@redhat.com
[    5.137911] ledtrig-cpu: registered to indicate activity on CPUs
[    5.149312] NET: Registered protocol family 10
[    5.156933] NET: Registered protocol family 17
[    5.162730] Key type dns_resolver registered
[    5.168792] registered taskstats version 1
[    5.173765] Loading compiled-in X.509 certificates
[    5.179852] Loaded X.509 cert 'Build time autogenerated kernel key: 9e5e2330314f2a00b0409bdb338e201244d5149f'
[    5.194636] zswap: loaded using pool lzo/zbud
[    5.218360] Key type trusted registered
[    5.271904] Key type encrypted registered
[    5.290564] AppArmor: AppArmor sha1 policy hashing enabled
[    5.309067] ima: No TPM chip found, activating TPM-bypass!
[    5.323553] ima: Allocated hash algorithm: sha1
[    5.336564] evm: HMAC attrs: 0x1
[    5.347457]   Magic number: 1:211:322
[    5.358380] misc mcelog: hash matches
[    5.368521] tty tty47: hash matches
[    5.377479] rtc_cmos rtc_cmos: setting system clock to 2021-04-28 08:19:15 UTC (1619597955)
[    5.396946] BIOS EDD facility v0.16 2004-Jun-25, 0 devices found
[    5.411180] EDD information not available.
[    5.428597] Freeing unused kernel memory: 1492K
[    5.461566] Write protecting the kernel read-only data: 14336k
[    5.487713] Freeing unused kernel memory: 1588K
[    5.505415] Freeing unused kernel memory: 52K
Loading, please wait...
starting version 229
[    5.588685] random: udevadm: uninitialized urandom read (16 bytes read, 6 bits of entropy available)
[    5.588819] random: systemd-udevd: uninitialized urandom read (16 bytes read, 6 bits of entropy available)
[    5.589997] random: systemd-udevd: uninitialized urandom read (16 bytes read, 6 bits of entropy available)
[    5.590032] random: systemd-udevd: uninitialized urandom read (16 bytes read, 6 bits of entropy available)
[    5.590064] random: systemd-udevd: uninitialized urandom read (16 bytes read, 6 bits of entropy available)
[    5.722259] random: udevadm: uninitialized urandom read (16 bytes read, 6 bits of entropy available)
[    5.769857] random: systemd-udevd: uninitialized urandom read (16 bytes read, 6 bits of entropy available)
[    5.782764] random: udevadm: uninitialized urandom read (16 bytes read, 6 bits of entropy available)
[    5.782834] random: udevadm: uninitialized urandom read (16 bytes read, 6 bits of entropy available)
[    5.783077] random: udevadm: uninitialized urandom read (16 bytes read, 6 bits of entropy available)
[    6.018400] e1000: Intel(R) PRO/1000 Network Driver - version 7.3.21-k8-NAPI
[    6.036636] e1000: Copyright (c) 1999-2006 Intel Corporation.
[    6.075286] Fusion MPT base driver 3.04.20
[    6.087472] Copyright (c) 1999-2008 LSI Corporation
[    6.189585] Fusion MPT SPI Host driver 3.04.20
[    6.366821] input: ImExPS/2 Generic Explorer Mouse as /devices/platform/i8042/serio1/input/input4
[    7.385610] e1000 0000:00:03.0 eth0: (PCI:33MHz:32-bit) 02:d9:59:5c:1c:7b
[    7.403015] e1000 0000:00:03.0 eth0: Intel(R) PRO/1000 Network Connection
[    9.033749] e1000 0000:00:08.0 eth1: (PCI:33MHz:32-bit) 08:00:27:14:c3:81
[    9.036838] e1000 0000:00:08.0 eth1: Intel(R) PRO/1000 Network Connection
[    9.073536] mptbase: ioc0: Initiating bringup
[    9.074332] e1000 0000:00:08.0 enp0s8: renamed from eth1
[   14.205933] e1000 0000:00:03.0 enp0s3: renamed from eth0
[   14.427238] ioc0: LSI53C1030 A0: Capabilities={Initiator}
[   14.840816] scsi host2: ioc0: LSI53C1030 A0, FwRev=00000000h, Ports=1, MaxQ=256, IRQ=20
[   15.013370] scsi 2:0:0:0: Direct-Access     VBOX     HARDDISK         1.0  PQ: 0 ANSI: 5
[   15.056534] scsi target2:0:0: Beginning Domain Validation
[   15.105177] scsi target2:0:0: Domain Validation skipping write tests
[   15.124169] scsi target2:0:0: Ending Domain Validation
[   15.141592] scsi target2:0:0: asynchronous
[   15.156782] scsi 2:0:1:0: Direct-Access     VBOX     HARDDISK         1.0  PQ: 0 ANSI: 5
[   15.169654] scsi target2:0:1: Beginning Domain Validation
[   15.190017] scsi target2:0:1: Domain Validation skipping write tests
[   15.197871] scsi target2:0:1: Ending Domain Validation
[   15.204576] scsi target2:0:1: asynchronous
[   15.267009] sd 2:0:0:0: [sda] 83886080 512-byte logical blocks: (42.9 GB/40.0 GiB)
[   15.288866] sd 2:0:0:0: Attached scsi generic sg0 type 0
[   15.306492] sd 2:0:1:0: [sdb] 20480 512-byte logical blocks: (10.5 MB/10.0 MiB)
[   15.320425] sd 2:0:0:0: [sda] Write Protect is off
[   15.321242] sd 2:0:1:0: Attached scsi generic sg1 type 0
[   15.323184] sd 2:0:1:0: [sdb] Write Protect is off
[   15.324396] sd 2:0:1:0: [sdb] Incomplete mode parameter data
[   15.324400] sd 2:0:1:0: [sdb] Assuming drive cache: write through
[   15.338281] sd 2:0:1:0: [sdb] Attached SCSI disk
[   15.376058] sd 2:0:0:0: [sda] Incomplete mode parameter data
[   15.384249] sd 2:0:0:0: [sda] Assuming drive cache: write through
[   15.404267]  sda: sda1
[   15.417568] sd 2:0:0:0: [sda] Attached SCSI disk
Begin: Loading essential drivers ... [   17.930851] md: linear personality registered for level -1
[   17.947068] md: multipath personality registered for level -4
[   17.964364] md: raid0 personality registered for level 0
[   17.991848] md: raid1 personality registered for level 1
[   18.076957] raid6: sse2x1   gen()  5907 MB/s
[   18.148397] raid6: sse2x1   xor()  3609 MB/s
[   18.220555] raid6: sse2x2   gen()  5520 MB/s
[   18.292728] raid6: sse2x2   xor()  4709 MB/s
[   18.365661] raid6: sse2x4   gen()  5499 MB/s
[   18.453433] raid6: sse2x4   xor()  3432 MB/s
[   18.460450] raid6: using algorithm sse2x1 gen() 5907 MB/s
[   18.471117] raid6: .... xor() 3609 MB/s, rmw enabled
[   18.480706] raid6: using ssse3x2 recovery algorithm
[   18.496367] xor: measuring software checksum speed
[   18.544454]    prefetch64-sse:  8467.000 MB/sec
[   18.588976]    generic_sse:  7966.000 MB/sec
[   18.596380] xor: using function: prefetch64-sse (8467.000 MB/sec)
[   18.610457] async_tx: api initialized (async)
[   18.731588] md: raid6 personality registered for level 6
[   18.748568] md: raid5 personality registered for level 5
[   18.762223] md: raid4 personality registered for level 4
[   18.833736] md: raid10 personality registered for level 10
done.
Begin: Running /scripts/init-premount ... done.
Begin: Mounting root file system ... Begin: Running /scripts/local-top ... done.
Begin: Running /scripts/local-premount ... [   19.032057] Btrfs loaded
Scanning for Btrfs filesystems
done.
Warning: fsck not present, so skipping root file system
[   19.165712] EXT4-fs (sda1): mounted filesystem with ordered data mode. Opts: (null)
done.
Begin: Running /scripts/local-bottom ... done.
Begin: Running /scripts/init-bottom ... done.
[   19.598881] systemd[1]: systemd 229 running in system mode. (+PAM +AUDIT +SELINUX +IMA +APPARMOR +SMACK +SYSVINIT +UTMP +LIBCRYPTSETUP +GCRYPT +GNUTLS +ACL +XZ -LZ4 +SECCOMP +BLKID +ELFUTILS +KMOD -IDN)
[   19.630645] systemd[1]: Detected virtualization oracle.
[   19.642170] systemd[1]: Detected architecture x86-64.

Welcome to [1mUbuntu 16.04.7 LTS[0m!

[   19.676734] systemd[1]: Set hostname to <ubuntu>.
[   19.699693] systemd[1]: Initializing machine ID from random generator.
[   19.711129] systemd[1]: Installed transient /etc/machine-id file.
[   20.260455] systemd[1]: Listening on Journal Audit Socket.
[[0;32m  OK  [0m] Listening on Journal Audit Socket.
[   20.283229] systemd[1]: Started Trigger resolvconf update for networkd DNS.
[[0;32m  OK  [0m] Started Trigger resolvconf update for networkd DNS.
[   20.311710] systemd[1]: Listening on Journal Socket.
[[0;32m  OK  [0m] Listening on Journal Socket.
[   20.335453] systemd[1]: Listening on udev Control Socket.
[[0;32m  OK  [0m] Listening on udev Control Socket.
[   20.360965] systemd[1]: Listening on LVM2 metadata daemon socket.
[[0;32m  OK  [0m] Listening on LVM2 metadata daemon socket.
[   20.463771] systemd[1]: Set up automount Arbitrary Executable File Formats File System Automount Point.
[[0;32m  OK  [0m] Set up automount Arbitrary Executab...ats File System Automount Point.
[   20.496500] systemd[1]: Listening on Device-mapper event daemon FIFOs.
[[0;32m  OK  [0m] Listening on Device-mapper event daemon FIFOs.
[   20.522262] systemd[1]: Listening on /dev/initctl Compatibility Named Pipe.
[[0;32m  OK  [0m] Listening on /dev/initctl Compatibility Named Pipe.
[   20.548984] systemd[1]: Listening on Syslog Socket.
[[0;32m  OK  [0m] Listening on Syslog Socket.
[   20.568094] systemd[1]: Reached target User and Group Name Lookups.
[[0;32m  OK  [0m] Reached target User and Group Name Lookups.
[   20.582313] systemd[1]: Reached target System Time Synchronized.
[[0;32m  OK  [0m] Reached target System Time Synchronized.
[   20.596124] systemd[1]: Reached target Swap.
[[0;32m  OK  [0m] Reached target Swap.
[   20.605794] systemd[1]: Created slice User and Session Slice.
[[0;32m  OK  [0m] Created slice User and Session Slice.
[   20.617929] systemd[1]: Created slice System Slice.
[[0;32m  OK  [0m] Created slice System Slice.
[   20.647863] systemd[1]: Starting Remount Root and Kernel File Systems...
         Starting Remount Root and Kernel File Systems...
[   20.706046] EXT4-fs (sda1): re-mounted. Opts: (null)
[   20.734726] systemd[1]: Starting Load Kernel Modules...
         Starting Load Kernel Modules...
[   20.788647] systemd[1]: Mounting Huge Pages File System...
[   20.811596] random: nonblocking pool is initialized
         Mounting Huge Pages File System...
[   20.892096] systemd[1]: Mounting POSIX Message Queue File System...
         Mounting POSIX Message Queue File System...
[   20.937214] systemd[1]: Created slice system-serial\x2dgetty.slice.
[[0;32m  OK  [0m] Created slice system-serial\x2dgetty.slice.
[   20.985886] systemd[1]: Mounting Debug File System...
[   21.002868] Loading iSCSI transport class v2.0-870.
         Mounting Debug File System...
[   21.028032] systemd[1]: Reached target Slices.
[[0;32m  OK  [0m] Reached target Slices.
[   21.055940] systemd[1]: Starting Uncomplicated firewall...
         [   21.086605] iscsi: registered transport (tcp)
Starting Uncomplicated firewall...
[   21.120564] systemd[1]: Starting Nameserver information manager...
         Starting Nameserver information manager...
[   21.153020] systemd[1]: Listening on Journal Socket (/dev/log).
[[0;32m  OK  [0m] Listening on Journal Socket (/dev/log).
[   21.178519] systemd[1]: Starting Journal Service...
         Starting Journal Service...
[   21.245101] systemd[1]: Starting Monitoring of LVM2 mirrors, snapshots etc. using dmeventd or progress polling...
         Starting Monitoring of LVM2 mirrors... dmeventd or progress polling...
[   21.325850] systemd[1]: Starting Create list of required static device nodes for the current kernel...
         Starting Create list of required st... nodes for the current kernel...
[   21.396655] systemd[1]: Starting Set console keymap...
         Starting Set console keymap...
[   21.419962] systemd[1]: Listening on udev Kernel Socket.
[   21.435093] iscsi: registered transport (iser)
[[0;32m  OK  [0m] Listening on udev Kernel Socket.
[   21.453731] systemd[1]: Reached target Encrypted Volumes.
[[0;32m  OK  [0m] Reached target Encrypted Volumes.
[   21.483126] systemd[1]: Started Forward Password Requests to Wall Directory Watch.
[[0;32m  OK  [0m] Started Forward Password Requests to Wall Directory Watch.
[   21.511277] systemd[1]: Listening on LVM2 poll daemon socket.
[[0;32m  OK  [0m] Listening on LVM2 poll daemon socket.
[   21.551660] systemd[1]: Mounted Huge Pages File System.
[[0;32m  OK  [0m] Mounted Huge Pages File System.
[   21.589762] systemd[1]: Mounted Debug File System.
[[0;32m  OK  [0m] Mounted Debug File System.
[   21.619006] systemd[1]: Mounted POSIX Message Queue File System.
[[0;32m  OK  [0m] Mounted POSIX Message Queue File System.
[   21.646449] systemd[1]: Started Journal Service.
[[0;32m  OK  [0m] Started Journal Service.
[[0;32m  OK  [0m] Started Remount Root and Kernel File Systems.
[[0;32m  OK  [0m] Started Load Kernel Modules.
[[0;32m  OK  [0m] Started Uncomplicated firewall.
[[0;32m  OK  [0m] Started Create list of required sta...ce nodes for the current kernel.
[[0;32m  OK  [0m] Started Set console keymap.
[[0;32m  OK  [0m] Started Nameserver information manager.
[[0;32m  OK  [0m] Started LVM2 metadata daemon.
         Starting Create Static Device Nodes in /dev...
         Starting Apply Kernel Variables...
         Mounting FUSE Control File System...
         Starting Load/Save Random Seed...
         Starting udev Coldplug all Devices...
         Starting Flush Journal to Persistent Storage...
[[0;32m  OK  [0m] Mounted FUSE Control File System.
[[0;32m  OK  [0m] Started Create Static Device Nodes in /dev.
[[0;32m  OK  [0m] Started Apply Kernel Variables.
[[0;32m  OK  [0m] Started Load/Save Random Seed.
         Starting udev Kernel Device Manager...
[[0;32m  OK  [0m] Started Flush Journal to Persistent Storage.
[[0;32m  OK  [0m] Started Monitoring of LVM2 mirrors,...ng dmeventd or progress polling.
[[0;32m  OK  [0m] Reached target Local File Systems (Pre).
[[0;32m  OK  [0m] Reached target Local File Systems.
         Starting Tell Plymouth To Write Out Runtime Data...
         Starting Commit a transient machine-id on disk...
         Starting LSB: AppArmor initialization...
         Starting Create Volatile Files and Directories...
         Starting Set console font and keymap...
         Starting Initial cloud-init job (pre-networking)...
[[0;32m  OK  [0m] Started udev Kernel Device Manager.
[[0;32m  OK  [0m] Started udev Coldplug all Devices.
[[0;32m  OK  [0m] Started Tell Plymouth To Write Out Runtime Data.
[[0;32m  OK  [0m] Started Commit a transient machine-id on disk.
[[0;32m  OK  [0m] Started Create Volatile Files and Directories.
         Starting Update UTMP about System Boot/Shutdown...
[[0;32m  OK  [0m] Started Dispatch Password Requests to Console Directory Watch.
[[0;32m  OK  [0m] Started Update UTMP about System Boot/Shutdown.
[[0;32m  OK  [0m] Found device /dev/ttyS0.
[[0;32m  OK  [0m] Listening on Load/Save RF Kill Switch Status /dev/rfkill Watch.
[[0;32m  OK  [0m] Started LSB: AppArmor initialization.
[   29.290545] cloud-init[473]: Cloud-init v. 20.4.1-0ubuntu1~16.04.1 running 'init-local' at Wed, 28 Apr 2021 08:19:38 +0000. Up 28.10 seconds.
[[0;32m  OK  [0m] Started Initial cloud-init job (pre-networking).
[[0;32m  OK  [0m] Reached target Network (Pre).
         Starting Load AppArmor profiles managed internally by snapd...
         Starting Raise network interfaces...
[[0;32m  OK  [0m] Started Set console font and keymap.
[[0;32m  OK  [0m] Started Load AppArmor profiles managed internally by snapd.
[[0;32m  OK  [0m] Created slice system-getty.slice.
[[0;32m  OK  [0m] Started Raise network interfaces.
[[0;32m  OK  [0m] Reached target Network.
         Starting Initial cloud-init job (metadata service crawler)...
[   33.637526] cloud-init[946]: Cloud-init v. 20.4.1-0ubuntu1~16.04.1 running 'init' at Wed, 28 Apr 2021 08:19:42 +0000. Up 32.26 seconds.
[   33.647529] cloud-init[946]: ci-info: ++++++++++++++++++++++++++++++++++++++Net device info+++++++++++++++++++++++++++++++++++++++
[   33.656256] cloud-init[946]: ci-info: +--------+-------+----------------------------+---------------+--------+-------------------+
[   33.664702] cloud-init[946]: ci-info: | Device |   Up  |          Address           |      Mask     | Scope  |     Hw-Address    |
[   33.674862] cloud-init[946]: ci-info: +--------+-------+----------------------------+---------------+--------+-------------------+
[   33.684961] cloud-init[946]: ci-info: | enp0s3 |  True |         10.0.2.15          | 255.255.255.0 | global | 02:d9:59:5c:1c:7b |
[   33.694705] cloud-init[946]: ci-info: | enp0s3 |  True | fe80::d9:59ff:fe5c:1c7b/64 |       .       |  link  | 02:d9:59:5c:1c:7b |
[   33.708266] cloud-init[946]: ci-info: | enp0s8 | False |             .              |       .       |   .    | 08:00:27:14:c3:81 |
[   33.723108] cloud-init[946]: ci-info: |   lo   |  True |         127.0.0.1          |   255.0.0.0   |  host  |         .         |
[   33.739905] cloud-init[946]: ci-info: |   lo   |  True |          ::1/128           |       .       |  host  |         .         |
[   33.757649] cloud-init[946]: ci-info: +--------+-------+----------------------------+---------------+--------+-------------------+
[   33.813969] cloud-init[946]: ci-info: +++++++++++++++++++++++++++Route IPv4 info++++++++++++++++++++++++++++
[   33.828661] cloud-init[946]: ci-info: +-------+-------------+----------+---------------+-----------+-------+
[   33.844217] cloud-init[946]: ci-info: | Route | Destination | Gateway  |    Genmask    | Interface | Flags |
[   33.860072] cloud-init[946]: ci-info: +-------+-------------+----------+---------------+-----------+-------+
[   33.885380] cloud-init[946]: ci-info: |   0   |   0.0.0.0   | 10.0.2.2 |    0.0.0.0    |   enp0s3  |   UG  |
[   33.899397] cloud-init[946]: ci-info: |   1   |   10.0.2.0  | 0.0.0.0  | 255.255.255.0 |   enp0s3  |   U   |
[   33.914807] cloud-init[946]: ci-info: +-------+-------------+----------+---------------+-----------+-------+
[   33.928617] cloud-init[946]: ci-info: +++++++++++++++++++Route IPv6 info+++++++++++++++++++
[   33.942988] cloud-init[946]: ci-info: +-------+-------------+---------+-----------+-------+
[   33.956873] cloud-init[946]: ci-info: | Route | Destination | Gateway | Interface | Flags |
[   33.969837] cloud-init[946]: ci-info: +-------+-------------+---------+-----------+-------+
[   33.982368] cloud-init[946]: ci-info: |   0   |  fe80::/64  |    ::   |   enp0s3  |   U   |
[   34.000948] cloud-init[946]: ci-info: |   3   |   ff00::/8  |    ::   |   enp0s3  |   U   |
[   34.016028] cloud-init[946]: ci-info: +-------+-------------+---------+-----------+-------+
[   34.030766] cloud-init[946]: Generating public/private rsa key pair.
[[0;32m  OK  [0m] Started Initial cloud-init job (metadata service crawler).
[[0;32m  OK  [0m] Reached target Cloud-config availability.
[[0;32m  OK  [0m] Reached target Network is Online.
[   34.041957] cloud-init[946]: Your identification has been saved in /etc/ssh/ssh_host_rsa_key.
[   34.066196] cloud-init[946]: Your public key has been saved in /etc/ssh/ssh_host_rsa_key.pub.
[   34.077439] cloud-init[946]: The key fingerprint is:
         Starting iSCSI initiator daemon (iscsid)...
[[0;32m  OK  [0m] Reached target System Initialization.
[[0;32m  OK  [0m] Listening on ACPID Listen Socket.
[[0;32m  OK  [0m] Started ACPI Events Check.
[[0;32m  OK  [0m] Reached target Paths.
[[0;32m  OK  [0m] Listening on UUID daemon activation socket.
[[0;32m  OK  [0m] Started Daily apt download activities.
[[0;32m  OK  [0m] Started Daily Cleanup of Temporary Directories.
         Starting Socket activation for snappy daemon.
[[0;32m  OK  [0m] Listening on D-Bus System Message Bus Socket.
         Starting LXD - unix socket.
[[0;32m  OK  [0m] Started Daily apt upgrade and clean activities.
[[0;32m  OK  [0m] Started Message of the Day.
[[0;32m  OK  [0m] Reached target Timers.
[[0;32m  OK  [0m] Listening on Socket activation for snappy daemon.
[[0;32m  OK  [0m] Listening on LXD - unix socket.
[[0;32m  OK  [0m] Reached target Sockets.
[[0;32m  OK  [0m] Reached target Basic System.
         Starting LSB: Record successful boot for GRUB...
         Starting Accounts Service...
[[0;32m  OK  [0m] Started Deferred execution scheduler.
         Starting LSB: MD monitoring daemon...
         Starting Virtualbox guest utils...
         Starting Pollinate to seed the pseudo random number generator...
[[0;32m  OK  [0m] Started D-Bus System Message Bus.
[   34.095679] cloud-init[946]: SHA256:xw06dfsmLm7yPHsbTSvtbQtak9l9kIbjkk9Du4Ca/B0 root@ubuntu-xenial
[   34.219690] cloud-init[946]: The key's randomart image is:
[   34.297206] cloud-init[946]: +---[RSA 2048]----+
[   34.307568] cloud-init[946]: |                 |
[   34.326055] cloud-init[946]: |                 |
[   34.345128] cloud-init[946]: |          o .    |         Starting System Logging Service...
         Starting Snap Daemon...
         Starting Login Service...

[[0;32m  OK  [0m] Started Regular background program processing daemon.
[[0;32m  OK  [0m] Started FUSE filesystem for LXC.
[[0;32m  OK  [0m] Started ACPI event daemon.
         Starting /etc/rc.local Compatibility...
         Starting LXD - container startup/shutdown...
[[0;32m  OK  [0m] Started /etc/rc.local Compatibility.
[[0;32m  OK  [0m] Started System Logging Service.
[   34.571295] cloud-init[946]: |         + + o . |
[[0;32m  OK  [0m] Started iSCSI initiator daemon (iscsid).
[   34.682818] cloud-init[946]:          Starting Login to default iSCSI targets...
         Starting Authenticate and Authorize Users to Run Privileged Tasks...
[[0;32m  OK  [0m] Started Login Service.
[[0;32m  OK  [0m] Started Unattended Upgrades Shutdown.
|        S o * =  |
[   34.856720] [[0;32m  OK  [0m] Started LSB: Record successful boot for GRUB.
cloud-init[946]: |         + + O+o.|
[[0;32m  OK  [0m] Started LSB: MD monitoring daemon.
[   35.116812] [[0;32m  OK  [0m] Started Login to default iSCSI targets.
[[0;32m  OK  [0m] Reached target Remote File Systems (Pre).
[[0;32m  OK  [0m] Reached target Remote File Systems.
         Starting LSB: automatic crash report generation...
         Starting LSB: daemon to balance interrupts for SMP systems...
         Starting LSB: Set the CPU Frequency Scaling governor to "ondemand"...
         Starting Permit User Sessions...
[[0;32m  OK  [0m] Started Authenticate and Authorize Users to Run Privileged Tasks.
[[0;32m  OK  [0m] Started Accounts Service.
cloud-init[946]: [[0;32m  OK  [0m] Started Permit User Sessions.
         Starting Hold until boot process finishes up...
         Starting Terminate Plymouth Boot Screen...
[[0;32m  OK  [0m] Started Hold until boot process finishes up.
|        . E O**.o|
         Starting Set console scheme...
[[0;32m  OK  [0m] Started Getty on tty1.
[[0;32m  OK  [0m] Started Serial Getty on ttyS0.
[[0;32m  OK  [0m] Reached target Login Prompts.
[[0;32m  OK  [0m] Started Terminate Plymouth Boot Screen.
[   35.799979] [[0;32m  OK  [0m] Started Set console scheme.
[[0;32m  OK  [0m] Started LXD - container startup/shutdown.
cloud-init[946]: |     . o.o+B+Oo.o|
[[0;32m  OK  [0m] Started LSB: Set the CPU Frequency Scaling governor to "ondemand".
[   35.908695] cloud-init[946]: |      +..=**=..oo|
[   36.005814] cloud-init[946]: +----[SHA256]-----+
[   36.026351] cloud-init[946]: Generating public/private dsa key pair.
[   36.048857] cloud-init[946]: Your identification has been saved in /etc/ssh/ssh_host_dsa_key.
[[0;32m  OK  [0m] Started LSB: automatic crash report generation.
[   36.073678] cloud-init[946]: Your public key has been saved in /etc/ssh/ssh_host_dsa_key.pub.
[   36.178455] cloud-init[946]: The key fingerprint is:
[   36.227041] cloud-init[946]: SHA256:ku9hxtreXAscIwBMGrGWycQnFpdimFEkEBNnwmNhmR4 root@ubuntu-xenial
[[0;32m  OK  [0m] Started LSB: daemon to balance interrupts for SMP systems.
[   36.266453] cloud-init[946]: The key's randomart image is:
[   36.292390] cloud-init[946]: +---[DSA 1024]----+
[   36.338757] cloud-init[946]: |@%&=+.           |
[   36.404120] cloud-init[946]: |+E*B+.           |
[   36.432823] cloud-init[946]: |ooX+  .          |
[   36.473986] cloud-init[946]: | o     o         |
[   36.559440] cloud-init[946]: |      o S o      |
[   36.579840] cloud-init[[0;32m  OK  [0m] Started Virtualbox guest utils.
[946]: |       + o o     |
[   36.637654] cloud-init[946]: |        * o .    |
[   36.701593] cloud-init[946]: |       * + o .   |
[   36.729621] cloud-init[946]: |      ..+ o .    |
[   36.747147] cloud-init[946]: +----[SHA256]-----+
[   36.763085] cloud-init[946]: Generating public/private ecdsa key pair.
[   36.790981] cloud-init[946]: Your identification has been saved in /etc/ssh/ssh_host_ecdsa_key.
[   36.808813] cloud-init[946]: Your public key has been saved in /etc/ssh/ssh_host_ecdsa_key.pub.
[[0;32m  OK  [0m] Started Pollinate to seed the pseudo random number generator.
[   36.835453] cloud-init[946]: The key fingerprint is:
[   37.232727] cloud-init[946]: SHA256:l7glaIxJeiqjFjyBqKo33h3tZkU927Gr3Oyg78bEr80 root@ubuntu-xenial
         [   37.356710] cloud-init[946]: The key's randomart image is:
[   37.362079] cloud-init[946]: +---[ECDSA 256]---+
Starting OpenBSD Secure Shell server...
[   37.378135] cloud-init[946]: |                 |
[   37.406295] cloud-init[946]: |                 |
[   37.433443] cloud-init[946]: |o   .      .     |
[   37.469139] cloud-init[946]: |o. o + . ...o .  |
[   37.511086] cloud-init[946]: |o o + + S.+. + o |
[   37.548486] cloud-init[946]: |.+ o . . =. + o  |
[   37.570720] cloud-init[946]: |+ +   . o. o.. . |
[   37.608330] cloud-init[946]: |o+o. . oo  oo*o  |
[   37.651545] cloud-init[946]: |=o... .o. .+*+E  |
[[0;32m  OK  [0m] Started OpenBSD Secure Shell server.
[   37.689946] cloud-init[946]: +----[SHA256]-----+
[   37.724966] cloud-init[946]: Generating public/private ed25519 key pair.
[   37.767847] cloud-init[946]: Your identification has been saved in /etc/ssh/ssh_host_ed25519_key.
[   37.801580] cloud-init[946]: Your public key has been saved in /etc/ssh/ssh_host_ed25519_key.pub.
[   37.832765] cloud-init[946]: The key fingerprint is:
[   37.844354] cloud-init[946]: SHA256:YourzVtqHX7Zk8yLem3c/SZpv6HYi+R52kC3ADTqjxQ root@ubuntu-xenial
[   37.855915] cloud-init[946]: The key's randomart image is:
[   37.867797] cloud-init[946]: +--[ED25519 256]--+
[   37.875006] cloud-init[946]: |         o       |
[   37.883541] cloud-init[946]: |        o .      |
[   37.911716] cloud-init[946]: |       E .       |
[   37.929340] cloud-init[946]: |      . . .      |
[   37.940195] cloud-init[946]: |      ooS  o .   |
[   37.975219] cloud-init[946]: |     oooo . o .  |
[   37.996947] cloud-init[946]: |    .ooo O = o o |
[   38.007135] cloud-init[946]: |   o.+o +.% O.* o|
[   38.018112] cloud-init[946]: |  .o*..+...Oo*.*+|
[   38.039052] cloud-init[946]: +----[SHA256]-----+
[[0;32m  OK  [0m] Started Snap Daemon.
         Starting Wait until snapd is fully seeded...
[[0;32m  OK  [0m] Created slice User Slice of vagrant.
         Starting User Manager for UID 1000...
[[0;32m  OK  [0m] Started Session 1 of user vagrant.
[[0;32m  OK  [0m] Started User Manager for UID 1000.

Ubuntu 16.04.7 LTS ubuntu-xenial ttyS0

ubuntu-xenial login: [   43.531317] cloud-init[1374]: Generating locales (this might take a while)...
[   47.591122] cloud-init[1374]:   en_US.UTF-8... done
[   47.599497] cloud-init[1374]: Generation complete.
[   48.608510] cloud-init[1374]: Cloud-init v. 20.4.1-0ubuntu1~16.04.1 running 'modules:config' at Wed, 28 Apr 2021 08:19:53 +0000. Up 42.90 seconds.
ci-info: no authorized SSH keys fingerprints found for user ubuntu.
<14>Apr 28 08:19:59 ec2: 
<14>Apr 28 08:19:59 ec2: #############################################################
<14>Apr 28 08:19:59 ec2: -----BEGIN SSH HOST KEY FINGERPRINTS-----
<14>Apr 28 08:19:59 ec2: 1024 SHA256:ku9hxtreXAscIwBMGrGWycQnFpdimFEkEBNnwmNhmR4 root@ubuntu-xenial (DSA)
<14>Apr 28 08:19:59 ec2: 256 SHA256:l7glaIxJeiqjFjyBqKo33h3tZkU927Gr3Oyg78bEr80 root@ubuntu-xenial (ECDSA)
<14>Apr 28 08:19:59 ec2: 256 SHA256:YourzVtqHX7Zk8yLem3c/SZpv6HYi+R52kC3ADTqjxQ root@ubuntu-xenial (ED25519)
<14>Apr 28 08:19:59 ec2: 2048 SHA256:xw06dfsmLm7yPHsbTSvtbQtak9l9kIbjkk9Du4Ca/B0 root@ubuntu-xenial (RSA)
<14>Apr 28 08:19:59 ec2: -----END SSH HOST KEY FINGERPRINTS-----
<14>Apr 28 08:19:59 ec2: #############################################################
-----BEGIN SSH HOST KEY KEYS-----
ecdsa-sha2-nistp256 AAAAE2VjZHNhLXNoYTItbmlzdHAyNTYAAAAIbmlzdHAyNTYAAABBBA/XKpBFfmfyJK260Q+HGL69p99hoiE/KV66BEwDd+DX+DWvhKdenJxyE/vibJ99EZEpxbVi1W9kZx6ghLH5F1c= root@ubuntu-xenial
ssh-ed25519 AAAAC3NzaC1lZDI1NTE5AAAAIItEZdO3Q92jng5rp3tZ8J2AlNoPyx+RTb3nH4qZmu8z root@ubuntu-xenial
ssh-rsa AAAAB3NzaC1yc2EAAAADAQABAAABAQDUPLZ5vlPlRZx3eDjA2o0ijrl9EppJVyWjT3cRcLxDeV/sqonasvdGIYTl/tf3LxLFL1B1ly2yKnjb8oTVVI5mlABG4b7M3Tm2t2yDpjkRrKmJoMDsJnAz1t1JGCtG4zWtXrvvTOjAEsUL9sufhDjjB+rS6M/Gv9xQvIq/2PpieDg2/euRANS1A/KLJKoVtsPbI2ROVoibFl2u1if/rpedv18f9Qv72u61S2sPpynJbkYqiOZGiZI7qvrR8CqRlOesWCwAsYxKUoJ97Io4fJ/hSIhtQBtpLsrIn4f/+VFXczpPuUNiFmwmFtMxkZ2UnUh1UN09ZAG+YlBCgxASzWK9 root@ubuntu-xenial
-----END SSH HOST KEY KEYS-----
[   50.096754] cloud-init[1551]: Cloud-init v. 20.4.1-0ubuntu1~16.04.1 running 'modules:final' at Wed, 28 Apr 2021 08:19:59 +0000. Up 49.46 seconds.
[   50.099670] cloud-init[1551]: ci-info: no authorized SSH keys fingerprints found for user ubuntu.
[   50.123798] cloud-init[1551]: Cloud-init v. 20.4.1-0ubuntu1~16.04.1 finished at Wed, 28 Apr 2021 08:20:00 +0000. Datasource DataSourceNoCloud [seed=/dev/sdb][dsmode=net].  Up 50.07 seconds
