[    0.000000] Initializing cgroup subsys cpuset
[    0.000000] Initializing cgroup subsys cpu
[    0.000000] Initializing cgroup subsys cpuacct
[    0.000000] Linux version 4.4.0-210-generic (buildd@lgw01-amd64-009) (gcc version 5.4.0 20160609 (Ubuntu 5.4.0-6ubuntu1~16.04.12) ) #242-Ubuntu SMP Fri Apr 16 09:57:56 UTC 2021 (Ubuntu 4.4.0-210.242-generic 4.4.262)
[    0.000000] Command line: BOOT_IMAGE=/boot/vmlinuz-4.4.0-210-generic root=UUID=091fe059-9348-426f-998c-ac47f4bd4be3 ro console=tty1 console=ttyS0
[    0.000000] KERNEL supported cpus:
[    0.000000]   Intel GenuineIntel
[    0.000000]   AMD AuthenticAMD
[    0.000000]   Centaur CentaurHauls
[    0.000000] x86/fpu: Legacy x87 FPU detected.
[    0.000000] e820: BIOS-provided physical RAM map:
[    0.000000] BIOS-e820: [mem 0x0000000000000000-0x000000000009fbff] usable
[    0.000000] BIOS-e820: [mem 0x000000000009fc00-0x000000000009ffff] reserved
[    0.000000] BIOS-e820: [mem 0x00000000000f0000-0x00000000000fffff] reserved
[    0.000000] BIOS-e820: [mem 0x0000000000100000-0x000000007ffeffff] usable
[    0.000000] BIOS-e820: [mem 0x000000007fff0000-0x000000007fffffff] ACPI data
[    0.000000] BIOS-e820: [mem 0x00000000fec00000-0x00000000fec00fff] reserved
[    0.000000] BIOS-e820: [mem 0x00000000fee00000-0x00000000fee00fff] reserved
[    0.000000] BIOS-e820: [mem 0x00000000fffc0000-0x00000000ffffffff] reserved
[    0.000000] NX (Execute Disable) protection: active
[    0.000000] SMBIOS 2.5 present.
[    0.000000] Hypervisor detected: KVM
[    0.000000] e820: last_pfn = 0x7fff0 max_arch_pfn = 0x400000000
[    0.000000] MTRR: Disabled
[    0.000000] x86/PAT: MTRRs disabled, skipping PAT initialization too.
[    0.000000] CPU MTRRs all blank - virtualized system.
[    0.000000] x86/PAT: Configuration [0-7]: WB  WT  UC- UC  WB  WT  UC- UC  
[    0.000000] found SMP MP-table at [mem 0x0009fff0-0x0009ffff] mapped at [ffff88000009fff0]
[    0.000000] Scanning 1 areas for low memory corruption
[    0.000000] RAMDISK: [mem 0x361cc000-0x370ddfff]
[    0.000000] ACPI: Early table checksum verification disabled
[    0.000000] ACPI: RSDP 0x00000000000E0000 000024 (v02 VBOX  )
[    0.000000] ACPI: XSDT 0x000000007FFF0030 00003C (v01 VBOX   VBOXXSDT 00000001 ASL  00000061)
[    0.000000] ACPI: FACP 0x000000007FFF00F0 0000F4 (v04 VBOX   VBOXFACP 00000001 ASL  00000061)
[    0.000000] ACPI: DSDT 0x000000007FFF0470 002325 (v02 VBOX   VBOXBIOS 00000002 INTL 20100528)
[    0.000000] ACPI: FACS 0x000000007FFF0200 000040
[    0.000000] ACPI: FACS 0x000000007FFF0200 000040
[    0.000000] ACPI: APIC 0x000000007FFF0240 00005C (v02 VBOX   VBOXAPIC 00000001 ASL  00000061)
[    0.000000] ACPI: SSDT 0x000000007FFF02A0 0001CC (v01 VBOX   VBOXCPUT 00000002 INTL 20100528)
[    0.000000] No NUMA configuration found
[    0.000000] Faking a node at [mem 0x0000000000000000-0x000000007ffeffff]
[    0.000000] NODE_DATA(0) allocated [mem 0x7ffeb000-0x7ffeffff]
[    0.000000] kvm-clock: Using msrs 4b564d01 and 4b564d00
[    0.000000] kvm-clock: cpu 0, msr 0:7ffe3001, primary cpu clock
[    0.000000] kvm-clock: using sched offset of 6728539483 cycles
[    0.000000] clocksource: kvm-clock: mask: 0xffffffffffffffff max_cycles: 0x1cd42e4dffb, max_idle_ns: 881590591483 ns
[    0.000000] Zone ranges:
[    0.000000]   DMA      [mem 0x0000000000001000-0x0000000000ffffff]
[    0.000000]   DMA32    [mem 0x0000000001000000-0x000000007ffeffff]
[    0.000000]   Normal   empty
[    0.000000]   Device   empty
[    0.000000] Movable zone start for each node
[    0.000000] Early memory node ranges
[    0.000000]   node   0: [mem 0x0000000000001000-0x000000000009efff]
[    0.000000]   node   0: [mem 0x0000000000100000-0x000000007ffeffff]
[    0.000000] Initmem setup node 0 [mem 0x0000000000001000-0x000000007ffeffff]
[    0.000000] ACPI: PM-Timer IO Port: 0x4008
[    0.000000] IOAPIC[0]: apic_id 2, version 32, address 0xfec00000, GSI 0-23
[    0.000000] ACPI: INT_SRC_OVR (bus 0 bus_irq 0 global_irq 2 dfl dfl)
[    0.000000] ACPI: INT_SRC_OVR (bus 0 bus_irq 9 global_irq 9 low level)
[    0.000000] Using ACPI (MADT) for SMP configuration information
[    0.000000] smpboot: Allowing 2 CPUs, 0 hotplug CPUs
[    0.000000] PM: Registered nosave memory: [mem 0x00000000-0x00000fff]
[    0.000000] PM: Registered nosave memory: [mem 0x0009f000-0x0009ffff]
[    0.000000] PM: Registered nosave memory: [mem 0x000a0000-0x000effff]
[    0.000000] PM: Registered nosave memory: [mem 0x000f0000-0x000fffff]
[    0.000000] e820: [mem 0x80000000-0xfebfffff] available for PCI devices
[    0.000000] Booting paravirtualized kernel on KVM
[    0.000000] clocksource: refined-jiffies: mask: 0xffffffff max_cycles: 0xffffffff, max_idle_ns: 7645519600211568 ns
[    0.000000] setup_percpu: NR_CPUS:512 nr_cpumask_bits:512 nr_cpu_ids:2 nr_node_ids:1
[    0.000000] PERCPU: Embedded 33 pages/cpu @ffff88007fc00000 s95192 r8192 d31784 u1048576
[    0.000000] Built 1 zonelists in Node order, mobility grouping on.  Total pages: 515960
[    0.000000] Policy zone: DMA32
[    0.000000] Kernel command line: BOOT_IMAGE=/boot/vmlinuz-4.4.0-210-generic root=UUID=091fe059-9348-426f-998c-ac47f4bd4be3 ro console=tty1 console=ttyS0
[    0.000000] PID hash table entries: 4096 (order: 3, 32768 bytes)
[    0.000000] Memory: 2029440K/2096696K available (8644K kernel code, 1332K rwdata, 4044K rodata, 1492K init, 1164K bss, 67256K reserved, 0K cma-reserved)
[    0.000000] SLUB: HWalign=64, Order=0-3, MinObjects=0, CPUs=2, Nodes=1
[    0.000000] Kernel/User page tables isolation: enabled
[    0.000000] Hierarchical RCU implementation.
[    0.000000] 	Build-time adjustment of leaf fanout to 64.
[    0.000000] 	RCU restricting CPUs from NR_CPUS=512 to nr_cpu_ids=2.
[    0.000000] RCU: Adjusting geometry for rcu_fanout_leaf=64, nr_cpu_ids=2
[    0.000000] NR_IRQS:33024 nr_irqs:440 16
[    0.000000] Console: colour VGA+ 80x25
[    0.000000] console [tty1] enabled
[    0.000000] console [ttyS0] enabled
[    0.000000] tsc: Detected 1799.999 MHz processor
[    1.847055] Calibrating delay loop (skipped) preset value.. 3599.99 BogoMIPS (lpj=7199996)
[    1.864301] pid_max: default: 32768 minimum: 301
[    1.877254] ACPI: Core revision 20150930
[    1.893738] ACPI: 2 ACPI AML tables successfully acquired and loaded
[    1.915643] Security Framework initialized
[    1.927836] Yama: becoming mindful.
[    1.941223] AppArmor: AppArmor initialized
[    1.955611] Dentry cache hash table entries: 262144 (order: 9, 2097152 bytes)
[    2.014094] Inode-cache hash table entries: 131072 (order: 8, 1048576 bytes)
[    2.049725] Mount-cache hash table entries: 4096 (order: 3, 32768 bytes)
[    2.061597] Mountpoint-cache hash table entries: 4096 (order: 3, 32768 bytes)
[    2.073969] Initializing cgroup subsys io
[    2.080369] Initializing cgroup subsys memory
[    2.087930] Initializing cgroup subsys devices
[    2.095324] Initializing cgroup subsys freezer
[    2.103596] Initializing cgroup subsys net_cls
[    2.116279] Initializing cgroup subsys perf_event
[    2.131214] Initializing cgroup subsys net_prio
[    2.147081] Initializing cgroup subsys hugetlb
[    2.161079] Initializing cgroup subsys pids
[    2.174800] mce: CPU supports 0 MCE banks
[    2.187665] Last level iTLB entries: 4KB 64, 2MB 8, 4MB 8
[    2.205313] Last level dTLB entries: 4KB 64, 2MB 0, 4MB 0, 1GB 4
[    2.222360] Spectre V1 : Mitigation: usercopy/swapgs barriers and __user pointer sanitization
[    2.246194] Spectre V2 : Mitigation: Full generic retpoline
[    2.260446] Spectre V2 : Spectre v2 / SpectreRSB mitigation: Filling RSB on context switch
[    2.280916] Speculative Store Bypass: Vulnerable
[    2.293169] MDS: Mitigation: Clear CPU buffers
[    2.374603] Freeing SMP alternatives memory: 36K
[    2.540342] ftrace: allocating 32380 entries in 127 pages
[    4.141713] smpboot: APIC(0) Converting physical 0 to logical package 0
[    4.163580] smpboot: Max logical packages: 1
[    4.212327] ..TIMER: vector=0x30 apic1=0 pin1=2 apic2=-1 pin2=-1
[    4.331979] smpboot: CPU0: Intel(R) Core(TM) i5-8250U CPU @ 1.60GHz (family: 0x6, model: 0x8e, stepping: 0xa)
[    4.366772] Performance Events: unsupported p6 CPU model 142 no PMU driver, software events only.
[    4.567493] KVM setup paravirtual spinlock
[    4.586943] x86: Booting SMP configuration:
[    4.600026] .... node  #0, CPUs:      #1
[    4.615338] kvm-clock: cpu 1, msr 0:7ffe3041, secondary cpu clock
[    4.623861] mce: CPU supports 0 MCE banks
[    4.628846] TSC synchronization [CPU#0 -> CPU#1]:
[    4.637310] Measured 84862 cycles TSC warp between CPUs, turning off TSC clock.
[    4.649251] tsc: Marking TSC unstable due to check_tsc_sync_source failed
[    0.876723] x86: Booted up 1 node, 2 CPUs
[    0.880013] smpboot: Total of 2 processors activated (7199.99 BogoMIPS)
[    0.900358] devtmpfs: initialized
[    0.911282] evm: security.selinux
[    0.912011] evm: security.SMACK64
[    0.916012] evm: security.SMACK64EXEC
[    0.920009] evm: security.SMACK64TRANSMUTE
[    0.924005] evm: security.SMACK64MMAP
[    0.928005] evm: security.ima
[    0.932003] evm: security.capability
[    0.940628] clocksource: jiffies: mask: 0xffffffff max_cycles: 0xffffffff, max_idle_ns: 7645041785100000 ns
[    0.944027] futex hash table entries: 512 (order: 3, 32768 bytes)
[    0.952131] pinctrl core: initialized pinctrl subsystem
[    0.960564] RTC time: 12:30:16, date: 04/27/21
[    0.970138] NET: Registered protocol family 16
[    0.988035] cpuidle: using governor ladder
[    1.004028] cpuidle: using governor menu
[    1.008023] PCCT header not found.
[    1.012167] ACPI: bus type PCI registered
[    1.016011] acpiphp: ACPI Hot Plug PCI Controller Driver version: 0.5
[    1.021195] PCI: Using configuration type 1 for base access
[    1.052480] ACPI: Added _OSI(Module Device)
[    1.056005] ACPI: Added _OSI(Processor Device)
[    1.064019] ACPI: Added _OSI(3.0 _SCP Extensions)
[    1.068008] ACPI: Added _OSI(Processor Aggregator Device)
[    1.073796] ACPI: Executed 1 blocks of module-level executable AML code
[    1.087023] ACPI: Interpreter enabled
[    1.088023] ACPI: (supports S0 S5)
[    1.092007] ACPI: Using IOAPIC for interrupt routing
[    1.096345] PCI: Using host bridge windows from ACPI; if necessary, use "pci=nocrs" and report a bug
[    1.113647] ACPI: PCI Root Bridge [PCI0] (domain 0000 [bus 00-ff])
[    1.116030] acpi PNP0A03:00: _OSC: OS supports [ASPM ClockPM Segments MSI]
[    1.121647] acpi PNP0A03:00: _OSC: not requesting OS control; OS requires [ExtendedConfig ASPM ClockPM MSI]
[    1.124040] acpi PNP0A03:00: fail to add MMCONFIG information, can't access extended PCI configuration space under this bridge.
[    1.132080] PCI host bridge to bus 0000:00
[    1.136018] pci_bus 0000:00: root bus resource [io  0x0000-0x0cf7 window]
[    1.144030] pci_bus 0000:00: root bus resource [io  0x0d00-0xffff window]
[    1.148017] pci_bus 0000:00: root bus resource [mem 0x000a0000-0x000bffff window]
[    1.152014] pci_bus 0000:00: root bus resource [mem 0x80000000-0xfdffffff window]
[    1.156014] pci_bus 0000:00: root bus resource [bus 00-ff]
[    1.175972] pci 0000:00:01.1: legacy IDE quirk: reg 0x10: [io  0x01f0-0x01f7]
[    1.176013] pci 0000:00:01.1: legacy IDE quirk: reg 0x14: [io  0x03f6]
[    1.180017] pci 0000:00:01.1: legacy IDE quirk: reg 0x18: [io  0x0170-0x0177]
[    1.184017] pci 0000:00:01.1: legacy IDE quirk: reg 0x1c: [io  0x0376]
[    1.268642] pci 0000:00:07.0: quirk: [io  0x4000-0x403f] claimed by PIIX4 ACPI
[    1.272083] pci 0000:00:07.0: quirk: [io  0x4100-0x410f] claimed by PIIX4 SMB
[    1.308344] ACPI: PCI Interrupt Link [LNKA] (IRQs 5 9 10 *11)
[    1.332956] ACPI: PCI Interrupt Link [LNKB] (IRQs 5 9 *10 11)
[    1.349598] ACPI: PCI Interrupt Link [LNKC] (IRQs 5 *9 10 11)
[    1.361986] ACPI: PCI Interrupt Link [LNKD] (IRQs 5 9 10 *11)
[    1.372201] ACPI: Enabled 2 GPEs in block 00 to 07
[    1.376356] vgaarb: setting as boot device: PCI:0000:00:02.0
[    1.380000] vgaarb: device added: PCI:0000:00:02.0,decodes=io+mem,owns=io+mem,locks=none
[    1.380010] vgaarb: loaded
[    1.382682] vgaarb: bridge control possible 0000:00:02.0
[    1.384569] SCSI subsystem initialized
[    1.392384] ACPI: bus type USB registered
[    1.396049] usbcore: registered new interface driver usbfs
[    1.400103] usbcore: registered new interface driver hub
[    1.404033] usbcore: registered new device driver usb
[    1.412652] PCI: Using ACPI for IRQ routing
[    1.416961] NetLabel: Initializing
[    1.420006] NetLabel:  domain hash size = 128
[    1.424008] NetLabel:  protocols = UNLABELED CIPSOv4
[    1.428048] NetLabel:  unlabeled traffic allowed by default
[    1.432271] amd_nb: Cannot enumerate AMD northbridges
[    1.436418] clocksource: Switched to clocksource kvm-clock
[    1.446420] AppArmor: AppArmor Filesystem Enabled
[    1.446420] pnp: PnP ACPI init
[    1.446420] pnp: PnP ACPI: found 3 devices
[    1.654306] clocksource: acpi_pm: mask: 0xffffff max_cycles: 0xffffff, max_idle_ns: 2085701024 ns
[    1.656400] NET: Registered protocol family 2
[    1.690347] TCP established hash table entries: 16384 (order: 5, 131072 bytes)
[    1.712365] TCP bind hash table entries: 16384 (order: 6, 262144 bytes)
[    1.731232] TCP: Hash tables configured (established 16384 bind 16384)
[    1.746881] UDP hash table entries: 1024 (order: 3, 32768 bytes)
[    1.749530] UDP-Lite hash table entries: 1024 (order: 3, 32768 bytes)
[    1.749530] NET: Registered protocol family 1
[    1.749530] pci 0000:00:00.0: Limiting direct PCI/PCI transfers
[    1.749530] pci 0000:00:01.0: Activating ISA DMA hang workarounds
[    1.749530] Unpacking initramfs...
[    2.588540] Freeing initrd memory: 15432K
[    2.588540] clocksource: tsc: mask: 0xffffffffffffffff max_cycles: 0x19f228ab7a2, max_idle_ns: 440795289252 ns
[    2.588540] platform rtc_cmos: registered platform RTC device (no PNP device found)
[    2.588540] Scanning for low memory corruption every 60 seconds
[    3.010276] audit: initializing netlink subsys (disabled)
[    3.021525] audit: type=2000 audit(1619526624.632:1): initialized
[    3.034198] Initialise system trusted keyring
[    3.050986] HugeTLB registered 2 MB page size, pre-allocated 0 pages
[    3.065423] zbud: loaded
[    3.071450] VFS: Disk quotas dquot_6.6.0
[    3.077321] VFS: Dquot-cache hash table entries: 512 (order 0, 4096 bytes)
[    3.086349] squashfs: version 4.0 (2009/01/31) Phillip Lougher
[    3.095801] fuse init (API version 7.23)
[    3.102430] Key type big_key registered
[    3.107681] Allocating IMA MOK and blacklist keyrings.
[    3.125243] Key type asymmetric registered
[    3.129949] Asymmetric key parser 'x509' registered
[    3.136234] Block layer SCSI generic (bsg) driver version 0.4 loaded (major 249)
[    3.145749] io scheduler noop registered
[    3.151227] io scheduler deadline registered (default)
[    3.158470] io scheduler cfq registered
[    3.165066] pci_hotplug: PCI Hot Plug PCI Core version: 0.5
[    3.171931] pciehp: PCI Express Hot Plug Controller Driver version: 0.4
[    3.181137] ACPI: AC Adapter [AC] (off-line)
[    3.186246] input: Power Button as /devices/LNXSYSTM:00/LNXPWRBN:00/input/input0
[    3.196369] ACPI: Power Button [PWRF]
[    3.201981] input: Sleep Button as /devices/LNXSYSTM:00/LNXSLPBN:00/input/input1
[    3.213076] ACPI: Sleep Button [SLPF]
[    3.218821] GHES: HEST is not enabled!
[    3.220945] ACPI: Battery Slot [BAT0] (battery present)
[    3.231434] Serial: 8250/16550 driver, 32 ports, IRQ sharing enabled
[    3.268513] 00:02: ttyS0 at I/O 0x3f8 (irq = 4, base_baud = 115200) is a 16550A
[    3.302116] Linux agpgart interface v0.103
[    3.325168] loop: module loaded
[    3.332248] scsi host0: ata_piix
[    3.337413] scsi host1: ata_piix
[    3.341342] ata1: PATA max UDMA/33 cmd 0x1f0 ctl 0x3f6 bmdma 0xd000 irq 14
[    3.341342] ata2: PATA max UDMA/33 cmd 0x170 ctl 0x376 bmdma 0xd008 irq 15
[    3.360424] libphy: Fixed MDIO Bus: probed
[    3.367634] tun: Universal TUN/TAP device driver, 1.6
[    3.371058] tun: (C) 1999-2004 Max Krasnyansky <maxk@qualcomm.com>
[    3.384173] PPP generic driver version 2.4.2
[    3.391459] ehci_hcd: USB 2.0 'Enhanced' Host Controller (EHCI) Driver
[    3.401015] ehci-pci: EHCI PCI platform driver
[    3.407361] ehci-platform: EHCI generic platform driver
[    3.416630] ohci_hcd: USB 1.1 'Open' Host Controller (OHCI) Driver
[    3.424257] ohci-pci: OHCI PCI platform driver
[    3.431157] ohci-platform: OHCI generic platform driver
[    3.440435] uhci_hcd: USB Universal Host Controller Interface driver
[    3.451227] i8042: PNP: PS/2 Controller [PNP0303:PS2K,PNP0f03:PS2M] at 0x60,0x64 irq 1,12
[    3.499374] serio: i8042 KBD port at 0x60,0x64 irq 1
[    3.524363] serio: i8042 AUX port at 0x60,0x64 irq 12
[    3.543082] mousedev: PS/2 mouse device common for all mice
[    3.564919] input: AT Translated Set 2 keyboard as /devices/platform/i8042/serio0/input/input2
[    3.576455] rtc_cmos rtc_cmos: rtc core: registered rtc_cmos as rtc0
[    3.586770] rtc_cmos rtc_cmos: alarms up to one day, 114 bytes nvram
[    3.594570] i2c /dev entries driver
[    3.598942] device-mapper: uevent: version 1.0.3
[    3.605258] device-mapper: ioctl: 4.34.0-ioctl (2015-10-28) initialised: dm-devel@redhat.com
[    3.617105] ledtrig-cpu: registered to indicate activity on CPUs
[    3.670142] NET: Registered protocol family 10
[    3.677321] NET: Registered protocol family 17
[    3.682471] Key type dns_resolver registered
[    3.689857] registered taskstats version 1
[    3.698479] Loading compiled-in X.509 certificates
[    3.709327] Loaded X.509 cert 'Build time autogenerated kernel key: cf00e047681d67edb2720680708b7d9498083038'
[    3.730370] zswap: loaded using pool lzo/zbud
[    3.758994] Key type trusted registered
[    3.801648] Key type encrypted registered
[    3.815218] AppArmor: AppArmor sha1 policy hashing enabled
[    3.835037] ima: No TPM chip found, activating TPM-bypass!
[    3.852633] ima: Allocated hash algorithm: sha1
[    3.867950] evm: HMAC attrs: 0x1
[    3.882195]   Magic number: 1:766:532
[    3.896482] tty ttyS12: hash matches
[    3.909354] rtc_cmos rtc_cmos: setting system clock to 2021-04-27 12:30:20 UTC (1619526620)
[    3.934606] BIOS EDD facility v0.16 2004-Jun-25, 0 devices found
[    3.952191] EDD information not available.
[    3.972537] Freeing unused kernel memory: 1492K
[    4.009013] Write protecting the kernel read-only data: 14336k
[    4.028530] Freeing unused kernel memory: 1584K
[    4.045388] Freeing unused kernel memory: 52K
Loading, please wait...
starting version 229
[    4.147183] random: systemd-udevd: uninitialized urandom read (16 bytes read, 6 bits of entropy available)
[    4.148238] random: udevadm: uninitialized urandom read (16 bytes read, 6 bits of entropy available)
[    4.148238] random: udevadm: uninitialized urandom read (16 bytes read, 6 bits of entropy available)
[    4.208631] random: udevadm: uninitialized urandom read (16 bytes read, 6 bits of entropy available)
[    4.208834] random: udevadm: uninitialized urandom read (16 bytes read, 6 bits of entropy available)
[    4.209438] random: udevadm: uninitialized urandom read (16 bytes read, 6 bits of entropy available)
[    4.209787] random: udevadm: uninitialized urandom read (16 bytes read, 6 bits of entropy available)
[    4.210053] random: udevadm: uninitialized urandom read (16 bytes read, 6 bits of entropy available)
[    4.210334] random: udevadm: uninitialized urandom read (16 bytes read, 6 bits of entropy available)
[    4.210670] random: udevadm: uninitialized urandom read (16 bytes read, 6 bits of entropy available)
[    4.549955] e1000: Intel(R) PRO/1000 Network Driver - version 7.3.21-k8-NAPI
[    4.552123] e1000: Copyright (c) 1999-2006 Intel Corporation.
[    4.604910] Fusion MPT base driver 3.04.20
[    4.608137] Copyright (c) 1999-2008 LSI Corporation
[    4.719393] Fusion MPT SPI Host driver 3.04.20
[    5.023887] input: ImExPS/2 Generic Explorer Mouse as /devices/platform/i8042/serio1/input/input4
[    6.358033] e1000 0000:00:03.0 eth0: (PCI:33MHz:32-bit) 02:d9:59:5c:1c:7b
[    6.372906] e1000 0000:00:03.0 eth0: Intel(R) PRO/1000 Network Connection
[    6.397333] mptbase: ioc0: Initiating bringup
[    6.656983] ioc0: LSI53C1030 A0: Capabilities={Initiator}
[    7.880244] scsi host2: ioc0: LSI53C1030 A0, FwRev=00000000h, Ports=1, MaxQ=256, IRQ=20
[    8.354499] scsi 2:0:0:0: Direct-Access     VBOX     HARDDISK         1.0  PQ: 0 ANSI: 5
[    8.401507] scsi target2:0:0: Beginning Domain Validation
[    8.434389] scsi target2:0:0: Domain Validation skipping write tests
[    8.444885] scsi target2:0:0: Ending Domain Validation
[    8.452808] scsi target2:0:0: asynchronous
[    8.461865] scsi 2:0:1:0: Direct-Access     VBOX     HARDDISK         1.0  PQ: 0 ANSI: 5
[    8.474176] scsi target2:0:1: Beginning Domain Validation
[    8.492894] scsi target2:0:1: Domain Validation skipping write tests
[    8.501202] scsi target2:0:1: Ending Domain Validation
[    8.508882] scsi target2:0:1: asynchronous
[    8.539060] sd 2:0:0:0: Attached scsi generic sg0 type 0
[    8.549207] sd 2:0:1:0: Attached scsi generic sg1 type 0
[    8.557779] sd 2:0:1:0: [sdb] 20480 512-byte logical blocks: (10.5 MB/10.0 MiB)
[    8.573113] sd 2:0:0:0: [sda] 83886080 512-byte logical blocks: (42.9 GB/40.0 GiB)
[    8.622219] sd 2:0:1:0: [sdb] Write Protect is off
[    8.630474] sd 2:0:0:0: [sda] Write Protect is off
[    8.639135] sd 2:0:1:0: [sdb] Incomplete mode parameter data
[    8.648594] sd 2:0:1:0: [sdb] Assuming drive cache: write through
[    8.665569] sd 2:0:0:0: [sda] Incomplete mode parameter data
[    8.676647] sd 2:0:0:0: [sda] Assuming drive cache: write through
[    8.704034] sd 2:0:1:0: [sdb] Attached SCSI disk
[    8.714558]  sda: sda1
[    8.721944] sd 2:0:0:0: [sda] Attached SCSI disk
[    9.535833] e1000 0000:00:08.0 eth1: (PCI:33MHz:32-bit) 08:00:27:ac:1f:5d
[    9.544883] e1000 0000:00:08.0 eth1: Intel(R) PRO/1000 Network Connection
[    9.557453] e1000 0000:00:03.0 enp0s3: renamed from eth0
[    9.577278] e1000 0000:00:08.0 enp0s8: renamed from eth1
Begin: Loading essential drivers ... [   12.306226] md: linear personality registered for level -1
[   12.335537] md: multipath personality registered for level -4
[   12.369509] md: raid0 personality registered for level 0
[   12.419061] md: raid1 personality registered for level 1
[   12.520659] raid6: sse2x1   gen()  3807 MB/s
[   12.592530] raid6: sse2x1   xor()  4019 MB/s
[   12.668606] raid6: sse2x2   gen()  4940 MB/s
[   12.744643] raid6: sse2x2   xor()  3875 MB/s
[   12.820378] raid6: sse2x4   gen()  4787 MB/s
[   12.896468] raid6: sse2x4   xor()  3994 MB/s
[   12.901136] raid6: using algorithm sse2x2 gen() 4940 MB/s
[   12.906175] raid6: .... xor() 3875 MB/s, rmw enabled
[   12.912157] raid6: using ssse3x2 recovery algorithm
[   12.921686] xor: measuring software checksum speed
[   17.602250]    prefetch64-sse: 1770743.000 MB/sec
[   17.713443]    generic_sse: 15587.000 MB/sec
[   17.729267] xor: using function: prefetch64-sse (1770743.000 MB/sec)
[   17.750274] async_tx: api initialized (async)
[   17.870885] md: raid6 personality registered for level 6
[   17.888335] md: raid5 personality registered for level 5
[   17.900879] md: raid4 personality registered for level 4
[   17.969650] md: raid10 personality registered for level 10
done.
Begin: Running /scripts/init-premount ... done.
Begin: Mounting root file system ... Begin: Running /scripts/local-top ... done.
Begin: Running /scripts/local-premount ... [   18.150228] Btrfs loaded
Scanning for Btrfs filesystems
done.
Warning: fsck not present, so skipping root file system
[   18.303577] EXT4-fs (sda1): INFO: recovery required on readonly filesystem
[   18.314553] EXT4-fs (sda1): write access will be enabled during recovery
[   18.413310] EXT4-fs (sda1): recovery complete
[   18.427357] EXT4-fs (sda1): mounted filesystem with ordered data mode. Opts: (null)
done.
Begin: Running /scripts/local-bottom ... done.
Begin: Running /scripts/init-bottom ... done.
[   18.848633] systemd[1]: systemd 229 running in system mode. (+PAM +AUDIT +SELINUX +IMA +APPARMOR +SMACK +SYSVINIT +UTMP +LIBCRYPTSETUP +GCRYPT +GNUTLS +ACL +XZ -LZ4 +SECCOMP +BLKID +ELFUTILS +KMOD -IDN)
[   18.885620] systemd[1]: Detected virtualization oracle.
[   18.900747] systemd[1]: Detected architecture x86-64.

Welcome to [1mUbuntu 16.04.7 LTS[0m!

[   18.940883] systemd[1]: Set hostname to <docker>.
[   19.972579] systemd[1]: Listening on Device-mapper event daemon FIFOs.
[[0;32m  OK  [0m] Listening on Device-mapper event daemon FIFOs.
[   20.004132] systemd[1]: Started Forward Password Requests to Wall Directory Watch.
[[0;32m  OK  [0m] Started Forward Password Requests to Wall Directory Watch.
[   20.031611] systemd[1]: Reached target Swap.
[[0;32m  OK  [0m] Reached target Swap.
[   20.058406] systemd[1]: Reached target System Time Synchronized.
[[0;32m  OK  [0m] Reached target System Time Synchronized.
[   20.098645] systemd[1]: Listening on Syslog Socket.
[[0;32m  OK  [0m] Listening on Syslog Socket.[   20.125226] random: nonblocking pool is initialized

[   20.144389] systemd[1]: Set up automount Arbitrary Executable File Formats File System Automount Point.
[[0;32m  OK  [0m] Set up automount Arbitrary Executab...ats File System Automount Point.
[   20.191915] systemd[1]: Listening on udev Control Socket.
[[0;32m  OK  [0m] Listening on udev Control Socket.
[   20.227666] systemd[1]: Created slice User and Session Slice.
[[0;32m  OK  [0m] Created slice User and Session Slice.
[   20.263439] systemd[1]: Listening on LVM2 poll daemon socket.
[[0;32m  OK  [0m] Listening on LVM2 poll daemon socket.
[   20.298693] systemd[1]: Created slice System Slice.
[[0;32m  OK  [0m] Created slice System Slice.
[   20.327761] systemd[1]: Created slice system-serial\x2dgetty.slice.
[[0;32m  OK  [0m] Created slice system-serial\x2dgetty.slice.
[   20.364073] systemd[1]: Reached target Encrypted Volumes.
[[0;32m  OK  [0m] Reached target Encrypted Volumes.
[   20.395469] systemd[1]: Reached target User and Group Name Lookups.
[[0;32m  OK  [0m] Reached target User and Group Name Lookups.
[   20.425902] systemd[1]: Listening on Journal Socket.
[[0;32m  OK  [0m] Listening on Journal Socket.
[   20.464906] systemd[1]: Starting Nameserver information manager...
         Starting Nameserver information manager...
[   20.526041] systemd[1]: Starting Uncomplicated firewall...
         Starting Uncomplicated firewall...
[   20.559692] systemd[1]: Mounting POSIX Message Queue File System...
         Mounting POSIX Message Queue File System...
[   20.593311] systemd[1]: Mounting Huge Pages File System...
         Mounting Huge Pages File System...
[   20.620895] systemd[1]: Mounting Debug File System...
         Mounting Debug File System...
[   20.641760] systemd[1]: Starting Load Kernel Modules...
         Starting Load Kernel Modules...
[   20.672599] systemd[1]: Listening on Journal Socket (/dev/log).
[[0;32m  OK  [0m] Listening on Journal Socket (/dev/log).
[   20.710872] Loading iSCSI transport class v2.0-870.
[   20.711822] systemd[1]: Started Trigger resolvconf update for networkd DNS.
[[0;32m  OK  [0m] Started Trigger resolvconf update for networkd DNS.
[   20.759848] systemd[1]: Listening on LVM2 metadata daemon socket.
[[0;32m  OK  [0m] Listening on LVM2 metadata daemon socket.
[   20.810502] systemd[1]: Starting Monitoring of LVM2 mirrors, snapshots etc. using dmeventd or progress polling...
[   20.849404] iscsi: registered transport (tcp)
         Starting Monitoring of LVM2 mirrors... dmeventd or progress polling...
[   20.860514] systemd[1]: Reached target Slices.
[[0;32m  OK  [0m] Reached target Slices.
[   20.871340] systemd[1]: Starting Set console keymap...
         Starting Set console keymap...
[   20.887171] systemd[1]: Starting Create list of required static device nodes for the current kernel...
         Starting Create list of required st... nodes for the current kernel...
[   20.908565] systemd[1]: Listening on udev Kernel Socket.
[[0;32m  OK  [0m] Listening on udev Kernel Socket.
[   20.925119] systemd[1]: Listening on /dev/initctl Compatibility Named Pipe.
[[0;32m  OK  [0m] Listening on /dev/initctl Compatibility Named Pipe.
[   20.944399] systemd[1]: Listening on Journal Audit Socket.
[[0;32m  OK  [0m] Listening on Journal Audit Socket.
[   20.986554] systemd[1]: Starting Journal Service...
         Starting Journal Service...
[   21.030391] systemd[1]: Starting Remount Root and Kernel File Systems...
         Starting Remount Root and Kernel File Systems...
[   21.072407] systemd[1]: Mounted Huge Pages File System.
[[0;32m  OK  [0m] Mounted Huge Pages File System.
[   21.083348] systemd[1]: Mounted Debug File System.
[[0;32m  OK  [0m] Mounted Debug File System.
[   21.098931] systemd[1]: Mounted POSIX Message Queue File System.
[[0;32m  OK  [0m] Mounted POSIX Message Queue File System.
[   21.118594] systemd[1]: Started Journal Service.
[   21.120375] EXT4-fs (sda1): re-mounted. Opts: (null)
[[0;32m  OK  [0m] Started Journal Service.
[[0;32m  OK  [0m] Started Uncomplicated firewall.
[[0;32m  OK  [0m] Started Create list of required sta...ce nodes for the current kernel.
[[0;32m  OK  [0m] Started Remount Root and Kernel File Systems.
[[0;32m  OK  [0m] Started Nameserver information manager.
[   21.198121] iscsi: registered transport (iser)
[[0;32m  OK  [0m] Started LVM2 metadata daemon.
         Starting udev Coldplug all Devices...
         Starting Load/Save Random Seed...
         Starting Create Static Device Nodes in /dev...
         Starting Flush Journal to Persistent Storage...
[[0;32m  OK  [0m] Started Load Kernel Modules.
[[0;32m  OK  [0m] Started Load/Save Random Seed.
         Mounting FUSE Control File System...
         Starting Apply Kernel Variables...
[[0;32m  OK  [0m] Started Create Static Device Nodes in /dev.
[[0;32m  OK  [0m] Mounted FUSE Control File System.
[   21.495294] systemd-journald[388]: Received request to flush runtime journal from PID 1
         Starting udev Kernel Device Manager...
[[0;32m  OK  [0m] Started Set console keymap.
[[0;32m  OK  [0m] Started Flush Journal to Persistent Storage.
[[0;32m  OK  [0m] Started Apply Kernel Variables.
[[0;32m  OK  [0m] Started Monitoring of LVM2 mirrors,...ng dmeventd or progress polling.
[[0;32m  OK  [0m] Reached target Local File Systems (Pre).
[[0;32m  OK  [0m] Reached target Local File Systems.
         Starting Set console font and keymap...
         Starting Initial cloud-init job (pre-networking)...
         Starting Tell Plymouth To Write Out Runtime Data...
         Starting Create Volatile Files and Directories...
         Starting LSB: AppArmor initialization...
         Mounting /vagrant...
[[0;32m  OK  [0m] Started udev Kernel Device Manager.
[[0;32m  OK  [0m] Started udev Coldplug all Devices.
[[0;32m  OK  [0m] Started Tell Plymouth To Write Out Runtime Data.
[[0;32m  OK  [0m] Started Create Volatile Files and Directories.
[[0;1;31mFAILED[0m] Failed to mount /vagrant.
See 'systemctl status vagrant.mount' for details.
         Starting Update UTMP about System Boot/Shutdown...
[[0;32m  OK  [0m] Started Dispatch Password Requests to Console Directory Watch.
[[0;32m  OK  [0m] Started Update UTMP about System Boot/Shutdown.
[[0;32m  OK  [0m] Started LSB: AppArmor initialization.
         Starting Load AppArmor profiles managed internally by snapd...
[[0;32m  OK  [0m] Started Load AppArmor profiles managed internally by snapd.
[[0;32m  OK  [0m] Found device /dev/ttyS0.
[[0;32m  OK  [0m] Listening on Load/Save RF Kill Switch Status /dev/rfkill Watch.
[   27.532038] cloud-init[462]: Cloud-init v. 20.4.1-0ubuntu1~16.04.1 running 'init-local' at Tue, 27 Apr 2021 12:30:43 +0000. Up 26.51 seconds.
[[0;32m  OK  [0m] Found device 82540EM Gigabit Ethern...r (PRO/1000 MT Desktop Adapter).
[[0;32m  OK  [0m] Started Initial cloud-init job (pre-networking).
[[0;32m  OK  [0m] Reached target Network (Pre).
[[0;32m  OK  [0m] Started ifup for enp0s8.
         Starting Raise network interfaces...
[[0;32m  OK  [0m] Started ifup for enp0s3.
[[0;32m  OK  [0m] Started Set console font and keymap.
[[0;32m  OK  [0m] Created slice system-getty.slice.
[[0;32m  OK  [0m] Started Raise network interfaces.
[[0;32m  OK  [0m] Reached target Network.
         Starting Initial cloud-init job (metadata service crawler)...
[   31.474269] cloud-init[1080]: Cloud-init v. 20.4.1-0ubuntu1~16.04.1 running 'init' at Tue, 27 Apr 2021 12:30:47 +0000. Up 30.91 seconds.
[   31.504321] cloud-init[1080]: ci-info: ++++++++++++++++++++++++++++++++++++++Net device info+++++++++++++++++++++++++++++++++++++++
[   31.534395] cloud-init[1080]: ci-info: +--------+------+-----------------------------+---------------+--------+-------------------+
[   31.563349] cloud-init[1080]: ci-info: | Device |  Up  |           Address           |      Mask     | Scope  |     Hw-Address    |
[   31.591047] cloud-init[1080]: ci-info: +--------+------+-----------------------------+---------------+--------+-------------------+[[0;32m  OK  [0m] Started Initial cloud-init job (metadata service crawler).
[[0;32m  OK  [0m] Reached target Cloud-config availability.
[[0;32m  OK  [0m] Reached target Network is Online.

[   31.624993] cloud-init[1080]:          Starting iSCSI initiator daemon (iscsid)...
[[0;32m  OK  [0m] Reached target System Initialization.
         Starting Docker Socket for the API.
[[0;32m  OK  [0m] Listening on ACPID Listen Socket.
         Starting Socket activation for snappy daemon.
[[0;32m  OK  [0m] Started Daily Cleanup of Temporary Directories.
[[0;32m  OK  [0m] Listening on UUID daemon activation socket.
ci-info: | enp0s3 | True |          10.0.2.15          | 255.255.255.0 | global | 02:d9:59:5c:1c:7b |
[   31.666503] [[0;32m  OK  [0m] Started ACPI Events Check.
[[0;32m  OK  [0m] Reached target Paths.
         Starting LXD - unix socket.
[[0;32m  OK  [0m] Started Message of the Day.
[[0;32m  OK  [0m] Started Daily apt download activities.
[[0;32m  OK  [0m] Started Daily apt upgrade and clean activities.
[[0;32m  OK  [0m] Reached target Timers.
[[0;32m  OK  [0m] Listening on D-Bus System Message Bus Socket.
[[0;32m  OK  [0m] Listening on Docker Socket for the API.
[[0;32m  OK  [0m] Listening on Socket activation for snappy daemon.
[[0;32m  OK  [0m] Listening on LXD - unix socket.
[[0;32m  OK  [0m] Reached target Sockets.
[[0;32m  OK  [0m] Reached target Basic System.
         Starting Accounts Service...
         Starting Virtualbox guest utils...
         Starting LSB: Record successful boot for GRUB...
         Starting /etc/rc.local Compatibility...
cloud-init         Starting OpenBSD Secure Shell server...
[[0;32m  OK  [0m] Started ACPI event daemon.
[[0;32m  OK  [0m] Started FUSE filesystem for LXC.
[1080]:          Starting LXD - container startup/shutdown...
ci-info: | enp0s3 | True |  fe80::d9:59ff:fe5c:1c7b/64 |       .       |  link  | 02:d9:59:5c:1c:7b |
[   31.889676] cloud-init[1080]: ci-info: | enp0s8 | True |         10.62.105.70        | 255.255.255.0 | global | 08:00:27:ac:1f:5d |
[   31.889955] cloud-init[1080]: ci-info: | enp0s8 | True | fe80::a00:27ff:feac:1f5d/64 |       .       |  link  | 08:00:27:ac:1f:5d |
[   31.890152] cloud-init[1080]: ci-info: |   lo   | True |          127.0.0.1          |   255.0.0.0   |  host  |         .         |
[   31.890329] cloud-init[1080]: ci-info: |   lo   | True |           ::1/128           |       .       |  host  |         .         |
         Starting containerd container runtime...
         Starting Login Service...
         Starting LSB: MD monitoring daemon...
[[0;32m  OK  [0m] Started D-Bus System Message Bus.
[   31.891478] cloud-init[1080]: ci-info: +--------+------+-----------------------------+---------------+--------+-------------------+
[   31.959217] cloud-init[1080]: ci-info: +++++++++++++++++++++++++++Route IPv4 info++++++++++++++++++++++++++++
[   32.023040] cloud-init[1080]: ci-info: +-------+-------------+----------+---------------+-----------+-------+
[   32.053835] cloud-init[1080]: ci-info: | Route | Destination | Gateway  |    Genmask    | Interface | Flags |
[   32.076501] cloud-init[1080]: ci-info: +-------+-------------+----------+---------------+-----------+-------+
[   32.100682] cloud-init[1080]: ci-info: |   0   |   0.0.0.0   | 10.0.2.2 |    0.0.0.0    |   enp0s3  |   UG  |
[   32.144572] cloud-init[1080]: ci-info: |   1   |   10.0.2.0  | 0.0.0.0  | 255.255.255.0 |   enp0s3  |   U   |
[   32.194218] [[0;32m  OK  [0m] Started Regular background program processing daemon.
[[0;32m  OK  [0m] Started Deferred execution scheduler.
         Starting System Logging Service...
cloud-init         Starting Snap Daemon...
         Starting Message of the Day...
[1080]: ci-info: |   2   | 10.62.105.0 | 0.0.0.0  | 255.255.255.0 |   enp0s8  |   U   |[[0;32m  OK  [0m] Started iSCSI initiator daemon (iscsid).
[[0;32m  OK  [0m] Started /etc/rc.local Compatibility.
[[0;32m  OK  [0m] Started Message of the Day.

[   32.332901] cloud-init[1080]: ci-info: +-------+-------------+----------+---------------+-----------+-------+
[   32.448956] cloud-init[1080]: ci-info: +++++++++++++++++++Route IPv6 info+++++++++++++++++++
[[0;32m  OK  [0m[   32.669104] cloud-init[1080]: ci-info: +-------+-------------+---------+-----------+-------+
] Started Login Service.
[   32.707334] cloud-init[1080]: ci-info: | Route | Destination | Gateway | Interface | Flags |
[   32.773738] cloud-init[1080]: ci-info: +-------+-------------+---------+-----------+-------+
[   32.777653] cloud-init[1080]: ci-info: |   0   |  fe80::/64  |    ::   |   enp0s8  |   U   |
[   32.778134] cloud-init[1080]: ci-info: |   1   |  fe80::/64  |    ::   |   enp0s3  |   U   |
[   32.778835] cloud-init[1080]: ci-info: |   4   |   ff00::/8  |    ::   |   enp0s8  |   U   |
[   32.779514] cloud-init[1080]: ci-info: |   5   |   ff00::/8  |    ::   |   enp0s3  |   U   |
[   32.781294] cloud-init[1080]: ci-info: +-------+-------------+---------+-----------+-------+
[[0;32m  OK  [0m] Started OpenBSD Secure Shell server.
[[0;32m  OK  [0m] Started System Logging Service.
[[0;32m  OK  [0m] Started LXD - container startup/shutdown.
[[0;32m  OK  [0m] Started LSB: MD monitoring daemon.
[[0;32m  OK  [0m] Started Unattended Upgrades Shutdown.
         Starting Authenticate and Authorize Users to Run Privileged Tasks...
         Starting Login to default iSCSI targets...
[[0;32m  OK  [0m] Started LSB: Record successful boot for GRUB.
[[0;32m  OK  [0m] Started Login to default iSCSI targets.
[[0;32m  OK  [0m] Reached target Remote File Systems (Pre).
[[0;32m  OK  [0m] Reached target Remote File Systems.
         Starting LSB: automatic crash report generation...
         Starting LSB: daemon to balance interrupts for SMP systems...
         Starting LSB: Set the CPU Frequency Scaling governor to "ondemand"...
         Starting Permit User Sessions...
[[0;32m  OK  [0m] Started Authenticate and Authorize Users to Run Privileged Tasks.
[[0;32m  OK  [0m] Started Accounts Service.
[[0;32m  OK  [0m] Started Permit User Sessions.
         Starting Hold until boot process finishes up...
         Starting Terminate Plymouth Boot Screen...
[[0;32m  OK  [0m] Started Terminate Plymouth Boot Screen.
[[0;32m  OK  [0m] Started Hold until boot process finishes up.
         Starting Set console scheme...
[[0;32m  OK  [0m] Started Serial Getty on ttyS0.
[[0;32m  OK  [0m] Started Getty on tty1.
[[0;32m  OK  [0m] Reached target Login Prompts.
[[0;32m  OK  [0m] Started Set console scheme.
[[0;32m  OK  [0m] Started Virtualbox guest utils.
[[0;32m  OK  [0m] Started LSB: Set the CPU Frequency Scaling governor to "ondemand".
[[0;32m  OK  [0m] Started LSB: automatic crash report generation.
[[0;32m  OK  [0m] Started LSB: daemon to balance interrupts for SMP systems.
[[0;32m  OK  [0m] Started Snap Daemon.
         Starting Wait until snapd is fully seeded...
[[0;32m  OK  [0m] Created slice User Slice of vagrant.
         Starting User Manager for UID 1000...
[[0;32m  OK  [0m] Started Session 1 of user vagrant.
[[0;32m  OK  [0m] Started Wait until snapd is fully seeded.
         Starting Apply the settings specified in cloud-config...
[[0;32m  OK  [0m] Started User Manager for UID 1000.
[[0;32m  OK  [0m] Started containerd container runtime.
         Starting Docker Application Container Engine...

Ubuntu 16.04.7 LTS docker ttyS0

docker login: [   44.152972] cloud-init[1377]: Cloud-init v. 20.4.1-0ubuntu1~16.04.1 running 'modules:config' at Tue, 27 Apr 2021 12:30:59 +0000. Up 43.02 seconds.
[   48.646454] cloud-init[1771]: Cloud-init v. 20.4.1-0ubuntu1~16.04.1 running 'modules:final' at Tue, 27 Apr 2021 12:31:04 +0000. Up 48.15 seconds.
[   48.653728] cloud-init[1771]: Cloud-init v. 20.4.1-0ubuntu1~16.04.1 finished at Tue, 27 Apr 2021 12:31:05 +0000. Datasource DataSourceNoCloud [seed=/dev/sdb][dsmode=net].  Up 48.59 seconds
