[    0.000000] Initializing cgroup subsys cpuset
[    0.000000] Initializing cgroup subsys cpu
[    0.000000] Initializing cgroup subsys cpuacct
[    0.000000] Linux version 4.4.0-201-generic (buildd@lgw01-amd64-044) (gcc version 5.4.0 20160609 (Ubuntu 5.4.0-6ubuntu1~16.04.12) ) #233-Ubuntu SMP Thu Jan 14 06:10:28 UTC 2021 (Ubuntu 4.4.0-201.233-generic 4.4.247)
[    0.000000] Command line: BOOT_IMAGE=/boot/vmlinuz-4.4.0-201-generic root=LABEL=cloudimg-rootfs ro console=tty1 console=ttyS0
[    0.000000] KERNEL supported cpus:
[    0.000000]   Intel GenuineIntel
[    0.000000]   AMD AuthenticAMD
[    0.000000]   Centaur CentaurHauls
[    0.000000] x86/fpu: Legacy x87 FPU detected.
[    0.000000] e820: BIOS-provided physical RAM map:
[    0.000000] BIOS-e820: [mem 0x0000000000000000-0x000000000009fbff] usable
[    0.000000] BIOS-e820: [mem 0x000000000009fc00-0x000000000009ffff] reserved
[    0.000000] BIOS-e820: [mem 0x00000000000f0000-0x00000000000fffff] reserved
[    0.000000] BIOS-e820: [mem 0x0000000000100000-0x000000007ffeffff] usable
[    0.000000] BIOS-e820: [mem 0x000000007fff0000-0x000000007fffffff] ACPI data
[    0.000000] BIOS-e820: [mem 0x00000000fec00000-0x00000000fec00fff] reserved
[    0.000000] BIOS-e820: [mem 0x00000000fee00000-0x00000000fee00fff] reserved
[    0.000000] BIOS-e820: [mem 0x00000000fffc0000-0x00000000ffffffff] reserved
[    0.000000] NX (Execute Disable) protection: active
[    0.000000] SMBIOS 2.5 present.
[    0.000000] Hypervisor detected: KVM
[    0.000000] e820: last_pfn = 0x7fff0 max_arch_pfn = 0x400000000
[    0.000000] MTRR: Disabled
[    0.000000] x86/PAT: MTRRs disabled, skipping PAT initialization too.
[    0.000000] CPU MTRRs all blank - virtualized system.
[    0.000000] x86/PAT: Configuration [0-7]: WB  WT  UC- UC  WB  WT  UC- UC  
[    0.000000] found SMP MP-table at [mem 0x0009fff0-0x0009ffff] mapped at [ffff88000009fff0]
[    0.000000] Scanning 1 areas for low memory corruption
[    0.000000] RAMDISK: [mem 0x362e0000-0x37167fff]
[    0.000000] ACPI: Early table checksum verification disabled
[    0.000000] ACPI: RSDP 0x00000000000E0000 000024 (v02 VBOX  )
[    0.000000] ACPI: XSDT 0x000000007FFF0030 00003C (v01 VBOX   VBOXXSDT 00000001 ASL  00000061)
[    0.000000] ACPI: FACP 0x000000007FFF00F0 0000F4 (v04 VBOX   VBOXFACP 00000001 ASL  00000061)
[    0.000000] ACPI: DSDT 0x000000007FFF0470 002325 (v02 VBOX   VBOXBIOS 00000002 INTL 20100528)
[    0.000000] ACPI: FACS 0x000000007FFF0200 000040
[    0.000000] ACPI: FACS 0x000000007FFF0200 000040
[    0.000000] ACPI: APIC 0x000000007FFF0240 00005C (v02 VBOX   VBOXAPIC 00000001 ASL  00000061)
[    0.000000] ACPI: SSDT 0x000000007FFF02A0 0001CC (v01 VBOX   VBOXCPUT 00000002 INTL 20100528)
[    0.000000] No NUMA configuration found
[    0.000000] Faking a node at [mem 0x0000000000000000-0x000000007ffeffff]
[    0.000000] NODE_DATA(0) allocated [mem 0x7ffeb000-0x7ffeffff]
[    0.000000] kvm-clock: Using msrs 4b564d01 and 4b564d00
[    0.000000] kvm-clock: cpu 0, msr 0:7ffe3001, primary cpu clock
[    0.000000] kvm-clock: using sched offset of 8597658870 cycles
[    0.000000] clocksource: kvm-clock: mask: 0xffffffffffffffff max_cycles: 0x1cd42e4dffb, max_idle_ns: 881590591483 ns
[    0.000000] Zone ranges:
[    0.000000]   DMA      [mem 0x0000000000001000-0x0000000000ffffff]
[    0.000000]   DMA32    [mem 0x0000000001000000-0x000000007ffeffff]
[    0.000000]   Normal   empty
[    0.000000]   Device   empty
[    0.000000] Movable zone start for each node
[    0.000000] Early memory node ranges
[    0.000000]   node   0: [mem 0x0000000000001000-0x000000000009efff]
[    0.000000]   node   0: [mem 0x0000000000100000-0x000000007ffeffff]
[    0.000000] Initmem setup node 0 [mem 0x0000000000001000-0x000000007ffeffff]
[    0.000000] ACPI: PM-Timer IO Port: 0x4008
[    0.000000] IOAPIC[0]: apic_id 2, version 32, address 0xfec00000, GSI 0-23
[    0.000000] ACPI: INT_SRC_OVR (bus 0 bus_irq 0 global_irq 2 dfl dfl)
[    0.000000] ACPI: INT_SRC_OVR (bus 0 bus_irq 9 global_irq 9 low level)
[    0.000000] Using ACPI (MADT) for SMP configuration information
[    0.000000] smpboot: Allowing 2 CPUs, 0 hotplug CPUs
[    0.000000] PM: Registered nosave memory: [mem 0x00000000-0x00000fff]
[    0.000000] PM: Registered nosave memory: [mem 0x0009f000-0x0009ffff]
[    0.000000] PM: Registered nosave memory: [mem 0x000a0000-0x000effff]
[    0.000000] PM: Registered nosave memory: [mem 0x000f0000-0x000fffff]
[    0.000000] e820: [mem 0x80000000-0xfebfffff] available for PCI devices
[    0.000000] Booting paravirtualized kernel on KVM
[    0.000000] clocksource: refined-jiffies: mask: 0xffffffff max_cycles: 0xffffffff, max_idle_ns: 7645519600211568 ns
[    0.000000] setup_percpu: NR_CPUS:512 nr_cpumask_bits:512 nr_cpu_ids:2 nr_node_ids:1
[    0.000000] PERCPU: Embedded 33 pages/cpu @ffff88007fc00000 s95640 r8192 d31336 u1048576
[    0.000000] Built 1 zonelists in Node order, mobility grouping on.  Total pages: 515960
[    0.000000] Policy zone: DMA32
[    0.000000] Kernel command line: BOOT_IMAGE=/boot/vmlinuz-4.4.0-201-generic root=LABEL=cloudimg-rootfs ro console=tty1 console=ttyS0
[    0.000000] PID hash table entries: 4096 (order: 3, 32768 bytes)
[    0.000000] Memory: 2029856K/2096696K available (8641K kernel code, 1337K rwdata, 4044K rodata, 1492K init, 1296K bss, 66840K reserved, 0K cma-reserved)
[    0.000000] SLUB: HWalign=64, Order=0-3, MinObjects=0, CPUs=2, Nodes=1
[    0.000000] Kernel/User page tables isolation: enabled
[    0.000000] Hierarchical RCU implementation.
[    0.000000] 	Build-time adjustment of leaf fanout to 64.
[    0.000000] 	RCU restricting CPUs from NR_CPUS=512 to nr_cpu_ids=2.
[    0.000000] RCU: Adjusting geometry for rcu_fanout_leaf=64, nr_cpu_ids=2
[    0.000000] NR_IRQS:33024 nr_irqs:440 16
[    0.000000] Console: colour VGA+ 80x25
[    0.000000] console [tty1] enabled
[    0.000000] console [ttyS0] enabled
[    0.000000] tsc: Detected 1799.998 MHz processor
[    3.173029] Calibrating delay loop (skipped) preset value.. 3599.99 BogoMIPS (lpj=7199992)
[    3.218946] pid_max: default: 32768 minimum: 301
[    3.241217] ACPI: Core revision 20150930
[    3.265939] ACPI: 2 ACPI AML tables successfully acquired and loaded
[    3.302697] Security Framework initialized
[    3.319691] Yama: becoming mindful.
[    3.332301] AppArmor: AppArmor initialized
[    3.344994] Dentry cache hash table entries: 262144 (order: 9, 2097152 bytes)
[    3.403723] Inode-cache hash table entries: 131072 (order: 8, 1048576 bytes)
[    3.446619] Mount-cache hash table entries: 4096 (order: 3, 32768 bytes)
[    3.465501] Mountpoint-cache hash table entries: 4096 (order: 3, 32768 bytes)
[    3.485383] Initializing cgroup subsys io
[    3.491438] Initializing cgroup subsys memory
[    3.499479] Initializing cgroup subsys devices
[    3.506227] Initializing cgroup subsys freezer
[    3.513963] Initializing cgroup subsys net_cls
[    3.519482] Initializing cgroup subsys perf_event
[    3.527779] Initializing cgroup subsys net_prio
[    3.535305] Initializing cgroup subsys hugetlb
[    3.543932] Initializing cgroup subsys pids
[    3.550985] mce: CPU supports 0 MCE banks
[    3.559094] Last level iTLB entries: 4KB 64, 2MB 8, 4MB 8
[    3.567958] Last level dTLB entries: 4KB 64, 2MB 0, 4MB 0, 1GB 4
[    3.577007] Spectre V1 : Mitigation: usercopy/swapgs barriers and __user pointer sanitization
[    3.586809] Spectre V2 : Mitigation: Full generic retpoline
[    3.593703] Spectre V2 : Spectre v2 / SpectreRSB mitigation: Filling RSB on context switch
[    3.603114] Speculative Store Bypass: Vulnerable
[    3.610563] MDS: Mitigation: Clear CPU buffers
[    3.647190] Freeing SMP alternatives memory: 36K
[    3.744777] ftrace: allocating 32361 entries in 127 pages
[    5.462244] smpboot: APIC(0) Converting physical 0 to logical package 0
[    5.482596] smpboot: Max logical packages: 1
[    5.552361] ..TIMER: vector=0x30 apic1=0 pin1=2 apic2=-1 pin2=-1
[    5.677537] smpboot: CPU0: Intel(R) Core(TM) i5-8250U CPU @ 1.60GHz (family: 0x6, model: 0x8e, stepping: 0xa)
[    5.713042] Performance Events: unsupported p6 CPU model 142 no PMU driver, software events only.
[    5.876593] KVM setup paravirtual spinlock
[    5.885412] x86: Booting SMP configuration:
[    5.895648] .... node  #0, CPUs:      #1
[    5.906171] kvm-clock: cpu 1, msr 0:7ffe3041, secondary cpu clock
[    5.913668] mce: CPU supports 0 MCE banks
[    5.918507] TSC synchronization [CPU#0 -> CPU#1]:
[    5.927778] Measured 131038 cycles TSC warp between CPUs, turning off TSC clock.
[    5.941189] tsc: Marking TSC unstable due to check_tsc_sync_source failed
[    0.729541] x86: Booted up 1 node, 2 CPUs
[    0.732015] smpboot: Total of 2 processors activated (7199.99 BogoMIPS)
[    0.752881] devtmpfs: initialized
[    0.764043] evm: security.selinux
[    0.768045] evm: security.SMACK64
[    0.772007] evm: security.SMACK64EXEC
[    0.776013] evm: security.SMACK64TRANSMUTE
[    0.780011] evm: security.SMACK64MMAP
[    0.784028] evm: security.ima
[    0.788012] evm: security.capability
[    0.809623] clocksource: jiffies: mask: 0xffffffff max_cycles: 0xffffffff, max_idle_ns: 7645041785100000 ns
[    0.812070] futex hash table entries: 512 (order: 3, 32768 bytes)
[    0.820261] pinctrl core: initialized pinctrl subsystem
[    0.824518] RTC time: 22:22:45, date: 03/20/21
[    0.829294] NET: Registered protocol family 16
[    0.844021] cpuidle: using governor ladder
[    0.860021] cpuidle: using governor menu
[    0.864197] PCCT header not found.
[    0.868503] ACPI: bus type PCI registered
[    0.872011] acpiphp: ACPI Hot Plug PCI Controller Driver version: 0.5
[    0.880507] PCI: Using configuration type 1 for base access
[    0.916653] ACPI: Added _OSI(Module Device)
[    0.920007] ACPI: Added _OSI(Processor Device)
[    0.924014] ACPI: Added _OSI(3.0 _SCP Extensions)
[    0.932042] ACPI: Added _OSI(Processor Aggregator Device)
[    0.937262] ACPI: Executed 1 blocks of module-level executable AML code
[    0.952713] ACPI: Interpreter enabled
[    0.955682] ACPI: (supports S0 S5)
[    0.956038] ACPI: Using IOAPIC for interrupt routing
[    0.960308] PCI: Using host bridge windows from ACPI; if necessary, use "pci=nocrs" and report a bug
[    0.974621] ACPI: PCI Root Bridge [PCI0] (domain 0000 [bus 00-ff])
[    0.976037] acpi PNP0A03:00: _OSC: OS supports [ASPM ClockPM Segments MSI]
[    0.980908] acpi PNP0A03:00: _OSC: not requesting OS control; OS requires [ExtendedConfig ASPM ClockPM MSI]
[    0.984027] acpi PNP0A03:00: fail to add MMCONFIG information, can't access extended PCI configuration space under this bridge.
[    0.988814] PCI host bridge to bus 0000:00
[    0.992013] pci_bus 0000:00: root bus resource [io  0x0000-0x0cf7 window]
[    0.996009] pci_bus 0000:00: root bus resource [io  0x0d00-0xffff window]
[    1.000021] pci_bus 0000:00: root bus resource [mem 0x000a0000-0x000bffff window]
[    1.004008] pci_bus 0000:00: root bus resource [mem 0x80000000-0xfdffffff window]
[    1.008016] pci_bus 0000:00: root bus resource [bus 00-ff]
[    1.019400] pci 0000:00:01.1: legacy IDE quirk: reg 0x10: [io  0x01f0-0x01f7]
[    1.020017] pci 0000:00:01.1: legacy IDE quirk: reg 0x14: [io  0x03f6]
[    1.024025] pci 0000:00:01.1: legacy IDE quirk: reg 0x18: [io  0x0170-0x0177]
[    1.028059] pci 0000:00:01.1: legacy IDE quirk: reg 0x1c: [io  0x0376]
[    1.092574] pci 0000:00:07.0: quirk: [io  0x4000-0x403f] claimed by PIIX4 ACPI
[    1.096034] pci 0000:00:07.0: quirk: [io  0x4100-0x410f] claimed by PIIX4 SMB
[    1.113781] ACPI: PCI Interrupt Link [LNKA] (IRQs 5 9 10 *11)
[    1.132207] ACPI: PCI Interrupt Link [LNKB] (IRQs 5 9 *10 11)
[    1.156263] ACPI: PCI Interrupt Link [LNKC] (IRQs 5 *9 10 11)
[    1.170155] ACPI: PCI Interrupt Link [LNKD] (IRQs 5 9 10 *11)
[    1.177645] ACPI: Enabled 2 GPEs in block 00 to 07
[    1.180407] vgaarb: setting as boot device: PCI:0000:00:02.0
[    1.184000] vgaarb: device added: PCI:0000:00:02.0,decodes=io+mem,owns=io+mem,locks=none
[    1.184007] vgaarb: loaded
[    1.188011] vgaarb: bridge control possible 0000:00:02.0
[    1.192751] SCSI subsystem initialized
[    1.196397] ACPI: bus type USB registered
[    1.200084] usbcore: registered new interface driver usbfs
[    1.204109] usbcore: registered new interface driver hub
[    1.208145] usbcore: registered new device driver usb
[    1.220282] PCI: Using ACPI for IRQ routing
[    1.228769] NetLabel: Initializing
[    1.232054] NetLabel:  domain hash size = 128
[    1.236020] NetLabel:  protocols = UNLABELED CIPSOv4
[    1.244090] NetLabel:  unlabeled traffic allowed by default
[    1.248310] amd_nb: Cannot enumerate AMD northbridges
[    1.257044] clocksource: Switched to clocksource kvm-clock
[    1.319495] AppArmor: AppArmor Filesystem Enabled
[    1.321067] pnp: PnP ACPI init
[    1.321067] pnp: PnP ACPI: found 3 devices
[    1.458384] clocksource: acpi_pm: mask: 0xffffff max_cycles: 0xffffff, max_idle_ns: 2085701024 ns
[    1.461234] NET: Registered protocol family 2
[    1.503362] TCP established hash table entries: 16384 (order: 5, 131072 bytes)
[    1.539047] TCP bind hash table entries: 16384 (order: 6, 262144 bytes)
[    1.539047] TCP: Hash tables configured (established 16384 bind 16384)
[    1.539047] UDP hash table entries: 1024 (order: 3, 32768 bytes)
[    1.539047] UDP-Lite hash table entries: 1024 (order: 3, 32768 bytes)
[    1.634674] NET: Registered protocol family 1
[    1.636435] pci 0000:00:00.0: Limiting direct PCI/PCI transfers
[    1.636435] pci 0000:00:01.0: Activating ISA DMA hang workarounds
[    1.636435] Unpacking initramfs...
[    3.289739] Freeing initrd memory: 14880K
[    3.289739] clocksource: tsc: mask: 0xffffffffffffffff max_cycles: 0x19f227af07c, max_idle_ns: 440795246167 ns
[    3.289739] platform rtc_cmos: registered platform RTC device (no PNP device found)
[    3.289739] Scanning for low memory corruption every 60 seconds
[    3.497753] audit: initializing netlink subsys (disabled)
[    3.523212] audit: type=2000 audit(1616278976.228:1): initialized
[    3.547254] Initialise system trusted keyring
[    3.574114] HugeTLB registered 2 MB page size, pre-allocated 0 pages
[    3.594352] zbud: loaded
[    3.609514] VFS: Disk quotas dquot_6.6.0
[    3.618284] VFS: Dquot-cache hash table entries: 512 (order 0, 4096 bytes)
[    3.635174] squashfs: version 4.0 (2009/01/31) Phillip Lougher
[    3.653149] fuse init (API version 7.23)
[    3.663404] Key type big_key registered
[    3.673711] Allocating IMA MOK and blacklist keyrings.
[    3.726303] Key type asymmetric registered
[    3.747009] Asymmetric key parser 'x509' registered
[    3.777004] Block layer SCSI generic (bsg) driver version 0.4 loaded (major 249)
[    3.823441] io scheduler noop registered
[    3.834779] io scheduler deadline registered (default)
[    3.855492] io scheduler cfq registered
[    3.877441] pci_hotplug: PCI Hot Plug PCI Core version: 0.5
[    3.896018] pciehp: PCI Express Hot Plug Controller Driver version: 0.4
[    3.918091] ACPI: AC Adapter [AC] (on-line)
[    3.929583] input: Power Button as /devices/LNXSYSTM:00/LNXPWRBN:00/input/input0
[    3.948836] ACPI: Power Button [PWRF]
[    3.961766] input: Sleep Button as /devices/LNXSYSTM:00/LNXSLPBN:00/input/input1
[    3.980960] ACPI: Sleep Button [SLPF]
[    3.992727] GHES: HEST is not enabled!
[    3.995112] ACPI: Battery Slot [BAT0] (battery present)
[    4.014494] Serial: 8250/16550 driver, 32 ports, IRQ sharing enabled
[    4.110748] 00:02: ttyS0 at I/O 0x3f8 (irq = 4, base_baud = 115200) is a 16550A
[    4.146671] Linux agpgart interface v0.103
[    4.188692] loop: module loaded
[    4.204546] scsi host0: ata_piix
[    4.213580] scsi host1: ata_piix
[    4.223176] ata1: PATA max UDMA/33 cmd 0x1f0 ctl 0x3f6 bmdma 0xd000 irq 14
[    4.240934] ata2: PATA max UDMA/33 cmd 0x170 ctl 0x376 bmdma 0xd008 irq 15
[    4.257227] libphy: Fixed MDIO Bus: probed
[    4.269555] tun: Universal TUN/TAP device driver, 1.6
[    4.288330] tun: (C) 1999-2004 Max Krasnyansky <maxk@qualcomm.com>
[    4.306618] PPP generic driver version 2.4.2
[    4.325309] ehci_hcd: USB 2.0 'Enhanced' Host Controller (EHCI) Driver
[    4.348384] ehci-pci: EHCI PCI platform driver
[    4.369049] ehci-platform: EHCI generic platform driver
[    4.390053] ohci_hcd: USB 1.1 'Open' Host Controller (OHCI) Driver
[    4.412037] ohci-pci: OHCI PCI platform driver
[    4.432821] ohci-platform: OHCI generic platform driver
[    4.447119] uhci_hcd: USB Universal Host Controller Interface driver
[    4.467736] i8042: PNP: PS/2 Controller [PNP0303:PS2K,PNP0f03:PS2M] at 0x60,0x64 irq 1,12
[    4.506068] serio: i8042 KBD port at 0x60,0x64 irq 1
[    4.524762] serio: i8042 AUX port at 0x60,0x64 irq 12
[    4.533508] mousedev: PS/2 mouse device common for all mice
[    4.547193] input: AT Translated Set 2 keyboard as /devices/platform/i8042/serio0/input/input2
[    4.561858] rtc_cmos rtc_cmos: rtc core: registered rtc_cmos as rtc0
[    4.572512] rtc_cmos rtc_cmos: alarms up to one day, 114 bytes nvram
[    4.580086] i2c /dev entries driver
[    4.586013] device-mapper: uevent: version 1.0.3
[    4.591492] device-mapper: ioctl: 4.34.0-ioctl (2015-10-28) initialised: dm-devel@redhat.com
[    4.601946] ledtrig-cpu: registered to indicate activity on CPUs
[    4.610958] NET: Registered protocol family 10
[    4.620966] NET: Registered protocol family 17
[    4.625753] Key type dns_resolver registered
[    4.630648] registered taskstats version 1
[    4.636775] Loading compiled-in X.509 certificates
[    4.642584] Loaded X.509 cert 'Build time autogenerated kernel key: 9e5e2330314f2a00b0409bdb338e201244d5149f'
[    4.654273] zswap: loaded using pool lzo/zbud
[    4.665522] Key type trusted registered
[    4.681634] Key type encrypted registered
[    4.688394] AppArmor: AppArmor sha1 policy hashing enabled
[    4.693690] ima: No TPM chip found, activating TPM-bypass!
[    4.700206] ima: Allocated hash algorithm: sha1
[    4.704138] evm: HMAC attrs: 0x1
[    4.710322]   Magic number: 13:641:401
[    4.718223] rtc_cmos rtc_cmos: setting system clock to 2021-03-20 22:22:50 UTC (1616278970)
[    4.729001] BIOS EDD facility v0.16 2004-Jun-25, 0 devices found
[    4.739581] EDD information not available.
[    4.748458] Freeing unused kernel memory: 1492K
[    4.768468] Write protecting the kernel read-only data: 14336k
[    4.779139] Freeing unused kernel memory: 1588K
[    4.788152] Freeing unused kernel memory: 52K
Loading, please wait...
starting version 229
[    4.888778] random: systemd-udevd: uninitialized urandom read (16 bytes read, 5 bits of entropy available)
[    4.889495] random: udevadm: uninitialized urandom read (16 bytes read, 5 bits of entropy available)
[    4.889531] random: udevadm: uninitialized urandom read (16 bytes read, 5 bits of entropy available)
[    4.958502] random: systemd-udevd: uninitialized urandom read (16 bytes read, 5 bits of entropy available)
[    4.970254] random: udevadm: uninitialized urandom read (16 bytes read, 5 bits of entropy available)
[    4.970317] random: udevadm: uninitialized urandom read (16 bytes read, 5 bits of entropy available)
[    4.972313] random: udevadm: uninitialized urandom read (16 bytes read, 5 bits of entropy available)
[    4.972313] random: udevadm: uninitialized urandom read (16 bytes read, 5 bits of entropy available)
[    4.972313] random: udevadm: uninitialized urandom read (16 bytes read, 5 bits of entropy available)
[    4.972313] random: udevadm: uninitialized urandom read (16 bytes read, 5 bits of entropy available)
[    5.258866] e1000: Intel(R) PRO/1000 Network Driver - version 7.3.21-k8-NAPI
[    5.268243] e1000: Copyright (c) 1999-2006 Intel Corporation.
[    5.308300] Fusion MPT base driver 3.04.20
[    5.313883] Copyright (c) 1999-2008 LSI Corporation
[    5.345839] Fusion MPT SPI Host driver 3.04.20
[    5.691676] input: ImExPS/2 Generic Explorer Mouse as /devices/platform/i8042/serio1/input/input4
[    7.463882] e1000 0000:00:03.0 eth0: (PCI:33MHz:32-bit) 02:d9:59:5c:1c:7b
[    7.463882] e1000 0000:00:03.0 eth0: Intel(R) PRO/1000 Network Connection
[    7.625283] mptbase: ioc0: Initiating bringup
[    7.911337] ioc0: LSI53C1030 A0: Capabilities={Initiator}
[    8.813001] scsi host2: ioc0: LSI53C1030 A0, FwRev=00000000h, Ports=1, MaxQ=256, IRQ=20
[    9.529713] scsi 2:0:0:0: Direct-Access     VBOX     HARDDISK         1.0  PQ: 0 ANSI: 5
[    9.552484] scsi target2:0:0: Beginning Domain Validation
[    9.591755] scsi target2:0:0: Domain Validation skipping write tests
[    9.620638] scsi target2:0:0: Ending Domain Validation
[    9.633849] scsi target2:0:0: asynchronous
[    9.653707] scsi 2:0:1:0: Direct-Access     VBOX     HARDDISK         1.0  PQ: 0 ANSI: 5
[    9.672345] scsi target2:0:1: Beginning Domain Validation
[    9.711281] scsi target2:0:1: Domain Validation skipping write tests
[    9.727756] scsi target2:0:1: Ending Domain Validation
[    9.749341] scsi target2:0:1: asynchronous
[    9.806581] sd 2:0:0:0: Attached scsi generic sg0 type 0
[    9.823197] sd 2:0:0:0: [sda] 83886080 512-byte logical blocks: (42.9 GB/40.0 GiB)
[    9.846120] sd 2:0:1:0: Attached scsi generic sg1 type 0
[    9.866933] sd 2:0:1:0: [sdb] 20480 512-byte logical blocks: (10.5 MB/10.0 MiB)
[    9.937003] sd 2:0:0:0: [sda] Write Protect is off
[    9.957377] sd 2:0:1:0: [sdb] Write Protect is off
[    9.970933] sd 2:0:0:0: [sda] Incomplete mode parameter data
[    9.986599] sd 2:0:0:0: [sda] Assuming drive cache: write through
[   10.005614] sd 2:0:1:0: [sdb] Incomplete mode parameter data
[   10.024371] sd 2:0:1:0: [sdb] Assuming drive cache: write through
[   10.057688]  sda: sda1
[   10.079566] sd 2:0:0:0: [sda] Attached SCSI disk
[   10.104190] sd 2:0:1:0: [sdb] Attached SCSI disk
[   11.291231] e1000 0000:00:08.0 eth1: (PCI:33MHz:32-bit) 08:00:27:c0:b2:5d
[   11.308916] e1000 0000:00:08.0 eth1: Intel(R) PRO/1000 Network Connection
[   11.328385] e1000 0000:00:03.0 enp0s3: renamed from eth0
[   11.355509] e1000 0000:00:08.0 enp0s8: renamed from eth1
Begin: Loading essential drivers ... [   13.165419] md: linear personality registered for level -1
[   13.178686] md: multipath personality registered for level -4
[   13.192001] md: raid0 personality registered for level 0
[   13.217913] md: raid1 personality registered for level 1
[   13.869454] raid6: sse2x1   gen() 63736 MB/s
[   15.870887] raid6: sse2x1   xor() 103151 MB/s
[   16.875255] raid6: sse2x2   gen() 153808 MB/s
[   17.869767] raid6: sse2x2   xor() 63783 MB/s
[   18.868628] raid6: sse2x4   gen() 166874 MB/s
[   18.951499] raid6: sse2x4   xor()  8618 MB/s
[   18.958206] raid6: using algorithm sse2x4 gen() 166874 MB/s
[   18.963428] raid6: .... xor() 8618 MB/s, rmw enabled
[   18.970112] raid6: using ssse3x2 recovery algorithm
[   18.981727] xor: measuring software checksum speed
[   19.024450]    prefetch64-sse: 15537.000 MB/sec
[   19.068376]    generic_sse: 14947.000 MB/sec
[   19.072898] xor: using function: prefetch64-sse (15537.000 MB/sec)
[   19.083525] async_tx: api initialized (async)
[   19.139177] md: raid6 personality registered for level 6
[   19.148935] md: raid5 personality registered for level 5
[   19.155093] md: raid4 personality registered for level 4
[   19.186329] md: raid10 personality registered for level 10
done.
Begin: Running /scripts/init-premount ... done.
Begin: Mounting root file system ... Begin: Running /scripts/local-top ... done.
Begin: Running /scripts/local-premount ... [   19.292075] Btrfs loaded
Scanning for Btrfs filesystems
done.
Warning: fsck not present, so skipping root file system
[   19.385177] EXT4-fs (sda1): mounted filesystem with ordered data mode. Opts: (null)
done.
Begin: Running /scripts/local-bottom ... done.
Begin: Running /scripts/init-bottom ... done.
[   19.742671] systemd[1]: systemd 229 running in system mode. (+PAM +AUDIT +SELINUX +IMA +APPARMOR +SMACK +SYSVINIT +UTMP +LIBCRYPTSETUP +GCRYPT +GNUTLS +ACL +XZ -LZ4 +SECCOMP +BLKID +ELFUTILS +KMOD -IDN)
[   19.788946] systemd[1]: Detected virtualization oracle.
[   19.799409] systemd[1]: Detected architecture x86-64.

Welcome to [1mUbuntu 16.04.7 LTS[0m!

[   19.832659] systemd[1]: Set hostname to <ubuntu>.
[   19.860653] systemd[1]: Initializing machine ID from random generator.
[   19.879693] systemd[1]: Installed transient /etc/machine-id file.
[   20.506074] systemd[1]: Listening on Device-mapper event daemon FIFOs.
[[0;32m  OK  [0m] Listening on Device-mapper event daemon FIFOs.
[   20.527678] systemd[1]: Reached target Swap.
[[0;32m  OK  [0m] Reached target Swap.
[   20.564536] systemd[1]: Created slice User and Session Slice.
[[0;32m  OK  [0m] Created slice User and Session Slice.
[   20.590099] systemd[1]: Listening on Journal Audit Socket.
[[0;32m  OK  [0m] Listening on Journal Audit Socket.
[   20.610686] systemd[1]: Listening on Journal Socket (/dev/log).
[[0;32m  OK  [0m] Listening on Journal Socket (/dev/log).
[   20.633532] systemd[1]: Listening on LVM2 metadata daemon socket.
[[0;32m  OK  [0m] Listening on LVM2 metadata daemon socket.
[   20.655705] systemd[1]: Created slice System Slice.
[[0;32m  OK  [0m] Created slice System Slice.
[   20.675379] systemd[1]: Started Forward Password Requests to Wall Directory Watch.
[[0;32m  OK  [0m] Started Forward Password Requests to Wall Directory Watch.
[   20.704339] systemd[1]: Listening on Syslog Socket.
[[0;32m  OK  [0m] Listening on Syslog Socket.
[   20.723614] systemd[1]: Set up automount Arbitrary Executable File Formats File System Automount Point.
[[0;32m  OK  [0m] Set up automount Arbitrary Executab...ats File System Automount Point.
[   20.755209] systemd[1]: Listening on LVM2 poll daemon socket.
[[0;32m  OK  [0m] Listening on LVM2 poll daemon socket.
[   20.776135] systemd[1]: Created slice system-serial\x2dgetty.slice.
[[0;32m  OK  [0m] Created slice system-serial\x2dgetty.slice.
[   20.799772] systemd[1]: Reached target System Time Synchronized.
[[0;32m  OK  [0m] Reached target System Time Synchronized.
[   20.823769] systemd[1]: Started Trigger resolvconf update for networkd DNS.
[[0;32m  OK  [0m] Started Trigger resolvconf update for networkd DNS.
[   20.851542] systemd[1]: Listening on udev Kernel Socket.
[[0;32m  OK  [0m] Listening on udev Kernel Socket.
[   20.870876] systemd[1]: Listening on Journal Socket.
[[0;32m  OK  [0m] Listening on Journal Socket.
[   20.908389] systemd[1]: Starting Nameserver information manager...
         Starting Nameserver information manager...
[   20.959212] systemd[1]: Starting Monitoring of LVM2 mirrors, snapshots etc. using dmeventd or progress polling...
[   20.998575] random: nonblocking pool is initialized
         Starting Monitoring of LVM2 mirrors... dmeventd or progress polling...
[   21.099126] systemd[1]: Starting Uncomplicated firewall...
         Starting Uncomplicated firewall...
[   21.166108] systemd[1]: Starting Load Kernel Modules...
         Starting Load Kernel Modules...
[   21.194305] systemd[1]: Mounting Debug File System...
[   21.201885] Loading iSCSI transport class v2.0-870.
         Mounting Debug File System...
[   21.210720] systemd[1]: Starting Journal Service...
         Starting Journal Service...
[   21.231450] systemd[1]: Starting Create list of required static device nodes for the current kernel...
         Starting Create list of required st... nodes for the current kernel...
[   21.260050] iscsi: registered transport (tcp)
[   21.266358] systemd[1]: Starting Set console keymap...
         Starting Set console keymap...
[   21.283267] systemd[1]: Starting Remount Root and Kernel File Systems...
         Starting Remount Root and Kernel File Systems...
[   21.306984] systemd[1]: Reached target User and Group Name Lookups.
[[   21.316344] EXT4-fs (sda1): re-mounted. Opts: (null)
[0;32m  OK  [0m] Reached target User and Group Name Lookups.
[   21.326254] systemd[1]: Listening on /dev/initctl Compatibility Named Pipe.
[[0;32m  OK  [0m] Listening on /dev/initctl Compatibility Named Pipe.
[   21.357469] systemd[1]: Mounting POSIX Message Queue File System...
         Mounting POSIX Message Queue File System...
[   21.383906] systemd[1]: Mounting Huge Pages File System...
         Mounting Huge Pages File System...
[   21.401340] systemd[1]: Reached target Slices.
[[0;32m  OK  [0m] Reached target Slices.
[   21.413178] systemd[1]: Listening on udev Control Socket.
[[0;32m  OK  [0m] Listening on udev Control Socket.
[   21.423254] systemd[1]: Reached target Encrypted Volumes.
[[0;32m  OK  [0m] Reached target Encrypted Volumes.
[   21.454675] systemd[1]: Mounted Huge Pages File System.
[[0;32m  OK  [0m] Mounted Huge Pages File System.
[   21.465799] systemd[1]: Mounted Debug File System.
[   21.472801] iscsi: registered transport (iser)
[[0;32m  OK  [0m] Mounted Debug File System.
[   21.483307] systemd[1]: Mounted POSIX Message Queue File System.
[[0;32m  OK  [0m] Mounted POSIX Message Queue File System.
[   21.494227] systemd[1]: Started Journal Service.
[[0;32m  OK  [0m] Started Journal Service.
[[0;32m  OK  [0m] Started Uncomplicated firewall.
[[0;32m  OK  [0m] Started Load Kernel Modules.
[[0;32m  OK  [0m] Started Create list of required sta...ce nodes for the current kernel.
[[0;32m  OK  [0m] Started Set console keymap.
[[0;32m  OK  [0m] Started Remount Root and Kernel File Systems.
[[0;32m  OK  [0m] Started Nameserver information manager.
[[0;32m  OK  [0m] Started LVM2 metadata daemon.
         Starting udev Coldplug all Devices...
         Starting Load/Save Random Seed...
         Starting Create Static Device Nodes in /dev...
         Mounting FUSE Control File System...
         Starting Apply Kernel Variables...
         Starting Flush Journal to Persistent Storage...
[[0;32m  OK  [0m] Mounted FUSE Control File System.
[[0;32m  OK  [0m] Started Load/Save Random Seed.
[[0;32m  OK  [0m] Started Create Static Device Nodes in /dev.
[[0;32m  OK  [0m] Started Apply Kernel Variables.
         Starting udev Kernel Device Manager...
[[0;32m  OK  [0m] Started Flush Journal to Persistent Storage.
[[0;32m  OK  [0m] Started udev Coldplug all Devices.
[[0;32m  OK  [0m] Started udev Kernel Device Manager.
[[0;32m  OK  [0m] Started Dispatch Password Requests to Console Directory Watch.
[[0;32m  OK  [0m] Started Monitoring of LVM2 mirrors,...ng dmeventd or progress polling.
[[0;32m  OK  [0m] Reached target Local File Systems (Pre).
[[0;32m  OK  [0m] Reached target Local File Systems.
         Starting Set console font and keymap...
         Starting LSB: AppArmor initialization...
         Starting Tell Plymouth To Write Out Runtime Data...
         Starting Commit a transient machine-id on disk...
         Starting Initial cloud-init job (pre-networking)...
         Starting Create Volatile Files and Directories...
[[0;32m  OK  [0m] Started Tell Plymouth To Write Out Runtime Data.
[[0;32m  OK  [0m] Started Commit a transient machine-id on disk.
[[0;32m  OK  [0m] Started Create Volatile Files and Directories.
[[0;32m  OK  [0m] Found device /dev/ttyS0.
[[0;32m  OK  [0m] Listening on Load/Save RF Kill Switch Status /dev/rfkill Watch.
         Starting Update UTMP about System Boot/Shutdown...
[[0;32m  OK  [0m] Started Update UTMP about System Boot/Shutdown.
[[0;32m  OK  [0m] Started LSB: AppArmor initialization.
         Starting Load AppArmor profiles managed internally by snapd...
[   25.993203] cloud-init[511]: Cloud-init v. 20.4.1-0ubuntu1~16.04.1 running 'init-local' at Sat, 20 Mar 2021 22:23:11 +0000. Up 25.25 seconds.
[[0;32m  OK  [0m] Started Load AppArmor profiles managed internally by snapd.
[[0;32m  OK  [0m] Started Initial cloud-init job (pre-networking).
[[0;32m  OK  [0m] Reached target Network (Pre).
         Starting Raise network interfaces...
[[0;32m  OK  [0m] Started Set console font and keymap.
[[0;32m  OK  [0m] Created slice system-getty.slice.
[[0;32m  OK  [0m] Started Raise network interfaces.
[[0;32m  OK  [0m] Reached target Network.
         Starting Initial cloud-init job (metadata service crawler)...
[   30.113842] cloud-init[941]: Cloud-init v. 20.4.1-0ubuntu1~16.04.1 running 'init' at Sat, 20 Mar 2021 22:23:14 +0000. Up 28.56 seconds.
[   30.130657] cloud-init[941]: ci-info: ++++++++++++++++++++++++++++++++++++++Net device info+++++++++++++++++++++++++++++++++++++++
[   30.149995] cloud-init[941]: ci-info: +--------+-------+----------------------------+---------------+--------+-------------------+
[   30.168592] cloud-init[941]: ci-info: | Device |   Up  |          Address           |      Mask     | Scope  |     Hw-Address    |
[   30.194756] cloud-init[941]: ci-info: +--------+-------+----------------------------+---------------+--------+-------------------+
[   30.215969] cloud-init[941]: ci-info: | enp0s3 |  True |         10.0.2.15          | 255.255.255.0 | global | 02:d9:59:5c:1c:7b |
[   30.269347] cloud-init[941]: ci-info: | enp0s3 |  True | fe80::d9:59ff:fe5c:1c7b/64 |       .       |  link  | 02:d9:59:5c:1c:7b |
[   30.306714] cloud-init[941]: ci-info: | enp0s8 | False |             .              |       .       |   .    | 08:00:27:c0:b2:5d |
[   30.326998] cloud-init[941]: ci-info: |   lo   |  True |         127.0.0.1          |   255.0.0.0   |  host  |         .         |
[   30.364727] cloud-init[941]: ci-info: |   lo   |  True |          ::1/128           |       .       |  host  |         .         |
[   30.383991] cloud-init[941]: ci-info: +--------+-------+----------------------------+---------------+--------+-------------------+
[   30.405042] cloud-init[941]: ci-info: +++++++++++++++++++++++++++Route IPv4 info++++++++++++++++++++++++++++
[   30.437367] cloud-init[941]: ci-info: +-------+-------------+----------+---------------+-----------+-------+
[   30.471830] cloud-init[941]: ci-info: | Route | Destination | Gateway  |    Genmask    | Interface | Flags |
[   30.492055] cloud-init[941]: ci-info: +-------+-------------+----------+---------------+-----------+-------+
[   30.512243] cloud-init[941]: ci-info: |   0   |   0.0.0.0   | 10.0.2.2 |    0.0.0.0    |   enp0s3  |   UG  |
[   30.528997] cloud-init[941]: ci-info: |   1   |   10.0.2.0  | 0.0.0.0  | 255.255.255.0 |   enp0s3  |   U   |
[   30.545794] cloud-init[941]: ci-info: +-------+-------------+----------+---------------+-----------+-------+
[   30.562251] cloud-init[941]: ci-info: +++++++++++++++++++Route IPv6 info+++++++++++++++++++
[   30.575744] cloud-init[941]: ci-info: +-------+-------------+---------+-----------+-------+
[   30.591261] cloud-init[941]: ci-info: | Route | Destination | Gateway | Interface | Flags |
[   30.604347] cloud-init[941]: ci-info: +-------+-------------+---------+-----------+-------+
[   30.618415] cloud-init[941]: ci-info: |   0   |  fe80::/64  |    ::   |   enp0s3  |   U   |
[   30.631057] cloud-init[941]: ci-info: |   3   |   ff00::/8  |    ::   |   enp0s3  |   U   |
[   30.644467] cloud-init[941]: ci-info: +-------+-------------+---------+-----------+-------+
[   30.656607] cloud-init[941]: Generating public/private rsa key pair.
[   30.669934] cloud-init[941]: Your identification has been saved in /etc/ssh/ssh_host_rsa_key.
[   30.683927] cloud-init[941]: Your public key has been saved in /etc/ssh/ssh_host_rsa_key.pub.
[   30.700240] cloud-init[941]: The key fingerprint is:
[   30.710571] cloud-init[941]: SHA256:lcAO52wt9bVjeWZyhOlbwycQXHwFnbrTx6lx6rg6fVs root@ubuntu-xenial
[   30.725336] [[0;32m  OK  [0m] Started Initial cloud-init job (metadata service crawler).
[[0;32m  OK  [0m] Reached target System Initialization.
         Starting Socket activation for snappy daemon.
[[0;32m  OK  [0m] Started Message of the Day.
cloud-init[941]: The key's randomart image is:
         Starting LXD - unix socket.
[   30.769415] cloud-init[941]: +---[RSA 2048]----+
[[0;32m  OK  [0m] Started Daily Cleanup of Temporary Directories.
[   30.793682] cloud-init[941]: |       ..  ..+o=+|
[[0;32m  OK  [0m] Listening on UUID daemon activation socket.
[   30.810587] [[0;32m  OK  [0m] Listening on D-Bus System Message Bus Socket.
cloud-init[[0;32m  OK  [0m] Started ACPI Events Check.
[[0;32m  OK  [0m] Reached target Paths.
[[0;32m  OK  [0m] Started Daily apt download activities.
[[0;32m  OK  [0m] Listening on ACPID Listen Socket.
[[0;32m  OK  [0m] Started Daily apt upgrade and clean activities.
[[0;32m  OK  [0m] Reached target Timers.
[[0;32m  OK  [0m] Reached target Cloud-config availability.
[[0;32m  OK  [0m] Reached target Network is Online.
[941]: |      . o...o =.+|
[   30.867627] cloud-init[941]: |       * oo. +o= |
[   30.886660] cloud-init         Starting iSCSI initiator daemon (iscsid)...
[[0;32m  OK  [0m] Listening on Socket activation for snappy daemon.
[[0;32m  OK  [0m] Listening on LXD - unix socket.
[[0;32m  OK  [0m] Reached target Sockets.
[[0;32m  OK  [0m] Reached target Basic System.
[[0;32m  OK  [0m] Started Deferred execution scheduler.
         Starting System Logging Service...
[941]: |        *.. ..OoB|
         Starting Pollinate to seed the pseudo random number generator...
[   30.949390] [[0;32m  OK  [0m] Started FUSE filesystem for LXC.
cloud-init[941]: |       .S.   .o%+|         Starting LSB: Record successful boot for GRUB...

[[0;32m  OK  [0m] Started ACPI event daemon.
[   31.035958]          Starting /etc/rc.local Compatibility...
         Starting Login Service...
cloud-init[941]:          Starting Accounts Service...
[[0;32m  OK  [0m] Started Regular background program processing daemon.
[[0;32m  OK  [0m] Started D-Bus System Message Bus.
|             +.+o|
[   31.169308] cloud-init[941]: |          .   *E.|
[   31.216764] cloud-init[941]: |         . ..+.  |
[   31.240002] cloud-init[941]: |         .oo+o.  |
[   31.258004] cloud-init[941]: +----[SHA256]-----+
[   31.284174] cloud-init[941]: Generating public/private dsa key pair.
         Starting LXD - container startup/shutdown...
         Starting Virtualbox guest utils...
[   31.331809]          Starting LSB: MD monitoring daemon...
         Starting Snap Daemon...
[[0;32m  OK  [0m] Started System Logging Service.
[[0;32m  OK  [0m] Started /etc/rc.local Compatibility.
cloud-init[941]: Your identification has been saved in /etc/ssh/ssh_host_dsa_key.[[0;32m  OK  [0m] Started Login Service.
[[0;32m  OK  [0m] Started Unattended Upgrades Shutdown.

[[0;32m  OK  [0m] Started iSCSI initiator daemon (iscsid).
[[0;32m  OK  [0m] Started LSB: MD monitoring daemon.
         Starting Login to default iSCSI targets...
[[0;32m  OK  [0m] Started LSB: Record successful boot for GRUB.
[   31.589315] cloud-init[941]: Your public key has been saved in /etc/ssh/ssh_host_dsa_key.pub.
[   31.662550] cloud-init[941]: The key fingerprint is:
         Starting Authenticate and Authorize Users to Run Privileged Tasks...
[[0;32m  OK  [0m] Started Login to default iSCSI targets.
[[0;32m  OK  [0m] Reached target Remote File Systems (Pre).
[[0;32m  OK  [0m] Reached target Remote File Systems.
         Starting LSB: Set the CPU Frequency Scaling governor to "ondemand"...
         Starting Permit User Sessions...
[   31.705401] cloud-init[941]: SHA256:YBnaJviYwSjX4oeB95K0tlbIqZ0530mcRfTjrhj0QLg root@ubuntu-xenial
         Starting LSB: daemon to balance interrupts for SMP systems...
[   31.804880] cloud-init[941]: The key's randomart image is:
[   31.828743] cloud-init[941]: +---[DSA 1024]----+
[   31.830080] cloud-init[941]: |      . .        |
[   31.830479] cloud-init[941]: | + o + + .       |
[   31.830966] cloud-init[941]: |+ X = B . o      |
         Starting LSB: automatic crash report generation...
[[0;32m  OK  [0m] Started Permit User Sessions.
         Starting Hold until boot process finishes up...
         Starting Terminate Plymouth Boot Screen...
[[0;32m  OK  [0m] Started Hold until boot process finishes up.
[[0;32m  OK  [0m] Started Getty on tty1.
         Starting Set console scheme...
[[0;32m  OK  [0m] Started Serial Getty on ttyS0.
[[0;32m  OK  [0m] Reached target Login Prompts.
[   31.831595] cloud-init[941]: |.* # * o . .     |
[[0;32m  OK  [0m] Started Terminate Plymouth Boot Screen.
[[0;32m  OK  [0m] Started Set console scheme.
[   31.930336] cloud-init[941]: |  & E o S .      |
[   31.968706] cloud-init[941]: | + B o = .       |
[   32.002944] cloud-init[941]: |. B   = . .      |
[   32.046806] cloud-init[941]: | . o o + .       |
[   32.055293] cloud-init[941]: |    . + .        |
[   32.069520] cloud-init[941]: +----[SHA256]-----+
[   32.081689] cloud-init[941]: Generating public/private ecdsa key pair.
[   32.129416] cloud-init[941]: Your identification has been saved in /etc/ssh/ssh_host_ecdsa_key.
[[0;32m  OK  [0m] Started LSB: Set the CPU Frequency Scaling governor to "ondemand".
[[0;32m  OK  [0m] Started Authenticate and Authorize Users to Run Privileged Tasks.
[   32.178655] cloud-init[941]: Your public key has been saved in /etc/ssh/ssh_host_ecdsa_key.pub.
[   32.197213] cloud-init[941]: The key fingerprint is:
[   32.206347] cloud-init[941]: SHA256:yrBCabjTH5Hyc1L3X51gRArKiOhuCmi1nC10VoiUVwA root@ubuntu-xenial
[   32.217005] cloud-init[941]: The key's randomart image is:
[   32.226170] cloud-init[941]: +---[ECDSA 256]---+
[   32.240806] cloud-init[941]: |   Eo.o. .   .   |
[   32.247226] cloud-init[941]: |  o.o.+ . . o    |
[[0;32m  OK  [0m] Started Accounts Service.
[   32.270452] cloud-init[941]: | . o.o +   . .   |
[   32.299242] cloud-init[941]: |.. . ..     .    |
[[0;32m  OK  [0m] Started LSB: daemon to balance interrupts for SMP systems.
[   32.354138] cloud-init[941]: |..=o+o. S    o   |
[   32.373153] cloud-init[941]: |o=+o** o .  . ...|
[   32.389997] cloud-init[941]: |=+o=*.+   .   ...|
[[0;32m  OK  [0m] Started LSB: automatic crash report generation.
[   32.407715] cloud-init[941]: |=. o.=     . .   |
[   32.428726] cloud-init[941]: |.   .       .    |
[   32.445222] cloud-init[941]: +----[SHA256]-----+
[   32.458310] cloud-init[941]: Generating public/private ed25519 key pair.
[   32.479356] cloud-init[941]: Your identification has been saved in /etc/ssh/ssh_host_ed25519_key.
[   32.538840] cloud-init[[0;32m  OK  [0m] Started LXD - container startup/shutdown.
[941]: Your public key has been saved in /etc/ssh/ssh_host_ed25519_key.pub.
[   32.606458] [[0;32m  OK  [0m] Started Virtualbox guest utils.
cloud-init[941]: The key fingerprint is:
[   32.626838] cloud-init[941]: SHA256:/tDG/L0sDMRON58pMtAQVBTKl263W+YU0jpoUrOa/4U root@ubuntu-xenial
[   32.638161] cloud-init[941]: The key's randomart image is:
[   32.647098] cloud-init[941]: +--[ED25519 256]--+
[   32.667052] cloud-init[941]: |       .o++.     |
[   32.691612] cloud-init[941]: |       ... .     |
[[0;32m  OK  [0m] Started Pollinate to seed the pseudo random number generator.
[   32.710160] cloud-init[941]: |        o+o      |
[   32.720501] cloud-init[941]: |        .o= o.   |
[   32.741859] cloud-init[941]: |        S==.oooo |
         Starting OpenBSD Secure Shell server...
[   32.754957] cloud-init[941]: |       . *==.=+. |
[   32.772054] cloud-init[941]: |        + O=E.=  |
[   32.787938] cloud-init[941]: |         O .o@   |
[   32.793738] cloud-init[941]: |        o.o.+.=. |
[   32.802215] cloud-init[941]: +----[SHA256]-----+
[[0;32m  OK  [0m] Started OpenBSD Secure Shell server.
[[0;32m  OK  [0m] Started Snap Daemon.
         Starting Wait until snapd is fully seeded...
[[0;32m  OK  [0m] Created slice User Slice of vagrant.
         Starting User Manager for UID 1000...
[[0;32m  OK  [0m] Started Session 1 of user vagrant.
[[0;32m  OK  [0m] Started User Manager for UID 1000.
[[0;32m  OK  [0m] Started Wait until snapd is fully seeded.

Ubuntu 16.04.7 LTS ubuntu-xenial ttyS0

ubuntu-xenial login: [   38.246925] cloud-init[1381]: Generating locales (this might take a while)...
[   41.108523] cloud-init[1381]:   en_US.UTF-8... done
[   41.109465] cloud-init[1381]: Generation complete.
[   41.633697] cloud-init[1381]: Cloud-init v. 20.4.1-0ubuntu1~16.04.1 running 'modules:config' at Sat, 20 Mar 2021 22:23:23 +0000. Up 37.76 seconds.
ci-info: no authorized SSH keys fingerprints found for user ubuntu.
<14>Mar 20 22:23:28 ec2: 
<14>Mar 20 22:23:28 ec2: #############################################################
<14>Mar 20 22:23:28 ec2: -----BEGIN SSH HOST KEY FINGERPRINTS-----
<14>Mar 20 22:23:28 ec2: 1024 SHA256:YBnaJviYwSjX4oeB95K0tlbIqZ0530mcRfTjrhj0QLg root@ubuntu-xenial (DSA)
<14>Mar 20 22:23:28 ec2: 256 SHA256:yrBCabjTH5Hyc1L3X51gRArKiOhuCmi1nC10VoiUVwA root@ubuntu-xenial (ECDSA)
<14>Mar 20 22:23:28 ec2: 256 SHA256:/tDG/L0sDMRON58pMtAQVBTKl263W+YU0jpoUrOa/4U root@ubuntu-xenial (ED25519)
<14>Mar 20 22:23:28 ec2: 2048 SHA256:lcAO52wt9bVjeWZyhOlbwycQXHwFnbrTx6lx6rg6fVs root@ubuntu-xenial (RSA)
<14>Mar 20 22:23:28 ec2: -----END SSH HOST KEY FINGERPRINTS-----
<14>Mar 20 22:23:28 ec2: #############################################################
-----BEGIN SSH HOST KEY KEYS-----
ecdsa-sha2-nistp256 AAAAE2VjZHNhLXNoYTItbmlzdHAyNTYAAAAIbmlzdHAyNTYAAABBBPyot2kEB9ANjPPSa67wFakxqIEiCWuN5qoNfXmITcoBXC5YMad5K+vwUJbdHJYtx+TPJUQq5HfFWxlWoEcNZlA= root@ubuntu-xenial
ssh-ed25519 AAAAC3NzaC1lZDI1NTE5AAAAIAf3l11UEPajtSjRqJU17ds+s9FlZeLnL+Fwqb3iusbk root@ubuntu-xenial
ssh-rsa AAAAB3NzaC1yc2EAAAADAQABAAABAQDb9eZQU4yyhri92HZ5YsJgLYNZ0dkI53K29xmRpnRf0XEjK6gN2Oqq6MNmDzDGSEByE6U1PvylnPRJuiMjxLSqOhWZz2BAHzV1Nt29Ij6zlG1e74AyZ0Q1o86iWamrfisgiiQCs73sv82tKINDCkBUK38GfL+NTTl6g/kAMRa4bY+u9pMyw+TVQVJ5WC5V2Dr5bxdVCf6DguRVARIesh1sdJ4NnQx/3GcLuweR3dJ6wS7hoR/NpM34gXYsJAlQ7BZ1FHo0MGjl9b/VPSrl0oLy8n+B0bkHkmqbEfrYPZOGDCbq71NM69fItXL3j0y60btcxgWiwhwkNAUwdLxbbxgn root@ubuntu-xenial
-----END SSH HOST KEY KEYS-----
[   42.782232] cloud-init[1556]: Cloud-init v. 20.4.1-0ubuntu1~16.04.1 running 'modules:final' at Sat, 20 Mar 2021 22:23:28 +0000. Up 42.25 seconds.
[   42.783028] cloud-init[1556]: ci-info: no authorized SSH keys fingerprints found for user ubuntu.
[   42.783917] cloud-init[1556]: Cloud-init v. 20.4.1-0ubuntu1~16.04.1 finished at Sat, 20 Mar 2021 22:23:28 +0000. Datasource DataSourceNoCloud [seed=/dev/sdb][dsmode=net].  Up 42.75 seconds
